<?xml version="1.0" encoding="UTF-8"?>
<!-- Generated by org.testng.reporters.JUnitXMLReporter -->
<testsuite ignored="0" hostname="enterpi-H110M-H" failures="0" tests="14" name="Permission Test Cases in Pricing Module" time="557.502" errors="0" timestamp="2023-05-31T13:03:58 IST">
  <testcase classname="testcases.PermissionsTestCaseForPricingModule" name="testCase1" time="28.882"/>
  <testcase classname="testcases.PermissionsTestCaseForPricingModule" name="testCase2" time="36.746"/>
  <testcase classname="testcases.PermissionsTestCaseForPricingModule" name="testCase3" time="37.486"/>
  <testcase classname="testcases.PermissionsTestCaseForPricingModule" name="testCase4" time="40.43"/>
  <testcase classname="testcases.PermissionsTestCaseForPricingModule" name="testCase5" time="40.179"/>
  <testcase classname="testcases.PermissionsTestCaseForPricingModule" name="testCase6" time="38.526"/>
  <testcase classname="testcases.PermissionsTestCaseForPricingModule" name="testCase7" time="40.642"/>
  <testcase classname="testcases.PermissionsTestCaseForPricingModule" name="testCase8" time="40.971"/>
  <testcase classname="testcases.PermissionsTestCaseForPricingModule" name="testCase9" time="42.277"/>
  <testcase classname="testcases.PermissionsTestCaseForPricingModule" name="testCase10" time="41.74"/>
  <testcase classname="testcases.PermissionsTestCaseForPricingModule" name="testCase11" time="44.597"/>
  <testcase classname="testcases.PermissionsTestCaseForPricingModule" name="testCase12" time="39.872"/>
  <testcase classname="testcases.PermissionsTestCaseForPricingModule" name="testCase13" time="38.135"/>
  <testcase classname="testcases.PermissionsTestCaseForPricingModule" name="testCase14" time="36.114"/>
</testsuite> <!-- Permission Test Cases in Pricing Module -->
