<?xml version="1.0" encoding="UTF-8"?>
<!-- Generated by org.testng.reporters.JUnitXMLReporter -->
<testsuite ignored="0" hostname="enterpi-H110M-H" failures="1" tests="34" name="Permission Test Cases in Admin Module" time="1375.438" errors="0" timestamp="2023-06-28T15:00:56 IST">
  <testcase classname="testcases.PermissionsTestCases_AdminTabs" name="testCase1" time="28.799"/>
  <testcase classname="testcases.PermissionsTestCases_AdminTabs" name="testCase2" time="39.5"/>
  <testcase classname="testcases.PermissionsTestCases_AdminTabs" name="testCase3" time="40.187"/>
  <testcase classname="testcases.PermissionsTestCases_AdminTabs" name="testCase4" time="39.644"/>
  <testcase classname="testcases.PermissionsTestCases_AdminTabs" name="testCase5" time="39.472"/>
  <testcase classname="testcases.PermissionsTestCases_AdminTabs" name="testCase6" time="40.538"/>
  <testcase classname="testcases.PermissionsTestCases_AdminTabs" name="testCase7" time="40.198"/>
  <testcase classname="testcases.PermissionsTestCases_AdminTabs" name="testCase8" time="40.282"/>
  <testcase classname="testcases.PermissionsTestCases_AdminTabs" name="testCase9" time="40.163"/>
  <testcase classname="testcases.PermissionsTestCases_AdminTabs" name="testCase10" time="38.784"/>
  <testcase classname="testcases.PermissionsTestCases_AdminTabs" name="testCase11" time="39.813"/>
  <testcase classname="testcases.PermissionsTestCases_AdminTabs" name="testCase12" time="40.382"/>
  <testcase classname="testcases.PermissionsTestCases_AdminTabs" name="testCase13" time="39.381"/>
  <testcase classname="testcases.PermissionsTestCases_AdminTabs" name="testCase14" time="39.754"/>
  <testcase classname="testcases.PermissionsTestCases_AdminTabs" name="testCase15" time="41.01"/>
  <testcase classname="testcases.PermissionsTestCases_AdminTabs" name="testCase16" time="40.687"/>
  <testcase classname="testcases.PermissionsTestCases_AdminTabs" name="testCase17" time="40.133"/>
  <testcase classname="testcases.PermissionsTestCases_AdminTabs" name="testCase18" time="40.173"/>
  <testcase classname="testcases.PermissionsTestCases_AdminTabs" name="testCase19" time="40.425"/>
  <testcase classname="testcases.PermissionsTestCases_AdminTabs" name="testCase20" time="40.519"/>
  <testcase classname="testcases.PermissionsTestCases_AdminTabs" name="testCase21" time="40.762"/>
  <testcase classname="testcases.PermissionsTestCases_AdminTabs" name="testCase22" time="40.938"/>
  <testcase classname="testcases.PermissionsTestCases_AdminTabs" name="testCase23" time="41.206"/>
  <testcase classname="testcases.PermissionsTestCases_AdminTabs" name="testCase24" time="40.539"/>
  <testcase classname="testcases.PermissionsTestCases_AdminTabs" name="testCase25" time="40.55"/>
  <testcase classname="testcases.PermissionsTestCases_AdminTabs" name="testCase26" time="40.017"/>
  <testcase classname="testcases.PermissionsTestCases_AdminTabs" name="testCase27" time="40.688"/>
  <testcase classname="testcases.PermissionsTestCases_AdminTabs" name="testCase28" time="40.409"/>
  <testcase classname="testcases.PermissionsTestCases_AdminTabs" name="testCase29" time="40.926"/>
  <testcase classname="testcases.PermissionsTestCases_AdminTabs" name="testCase30" time="41.003"/>
  <testcase classname="testcases.PermissionsTestCases_AdminTabs" name="testCase31" time="40.59"/>
  <testcase classname="testcases.PermissionsTestCases_AdminTabs" name="testCase32" time="40.756"/>
  <testcase classname="testcases.PermissionsTestCases_AdminTabs" name="testCase33" time="41.009"/>
  <testcase classname="testcases.PermissionsTestCases_AdminTabs" name="testCase34" time="40.39">
    <failure type="java.lang.AssertionError" message="expected [true] but found [false]">
      <![CDATA[java.lang.AssertionError: expected [true] but found [false]
at testcases.PermissionsTestCases_AdminTabs.testCase34(PermissionsTestCases_AdminTabs.java:370)
at java.base/java.util.ArrayList.forEach(ArrayList.java:1511)
... Removed 31 stack frames]]>
    </failure>
  </testcase> <!-- testCase34 -->
</testsuite> <!-- Permission Test Cases in Admin Module -->
