<?xml version="1.0" encoding="UTF-8"?>
<!-- Generated by org.testng.reporters.JUnitXMLReporter -->
<testsuite ignored="0" hostname="enterpi-H110M-H" failures="3" tests="35" name="Permission Test Cases in Admin Module" time="1401.132" errors="0" timestamp="2023-05-31T12:54:41 IST">
  <testcase classname="testcases.PermissionsTestCases_AdminTabs" name="testCase1" time="27.614"/>
  <testcase classname="testcases.PermissionsTestCases_AdminTabs" name="testCase2" time="36.432"/>
  <testcase classname="testcases.PermissionsTestCases_AdminTabs" name="testCase3" time="37.143"/>
  <testcase classname="testcases.PermissionsTestCases_AdminTabs" name="testCase4" time="36.504"/>
  <testcase classname="testcases.PermissionsTestCases_AdminTabs" name="testCase5" time="36.237"/>
  <testcase classname="testcases.PermissionsTestCases_AdminTabs" name="testCase6" time="37.958"/>
  <testcase classname="testcases.PermissionsTestCases_AdminTabs" name="testCase7" time="42.327"/>
  <testcase classname="testcases.PermissionsTestCases_AdminTabs" name="testCase8" time="37.327"/>
  <testcase classname="testcases.PermissionsTestCases_AdminTabs" name="testCase9" time="35.493"/>
  <testcase classname="testcases.PermissionsTestCases_AdminTabs" name="testCase10" time="36.986"/>
  <testcase classname="testcases.PermissionsTestCases_AdminTabs" name="testCase11" time="34.904"/>
  <testcase classname="testcases.PermissionsTestCases_AdminTabs" name="testCase12" time="37.348"/>
  <testcase classname="testcases.PermissionsTestCases_AdminTabs" name="testCase13" time="35.166"/>
  <testcase classname="testcases.PermissionsTestCases_AdminTabs" name="testCase14" time="37.495"/>
  <testcase classname="testcases.PermissionsTestCases_AdminTabs" name="testCase15" time="37.16"/>
  <testcase classname="testcases.PermissionsTestCases_AdminTabs" name="testCase16" time="37.403"/>
  <testcase classname="testcases.PermissionsTestCases_AdminTabs" name="testCase17" time="37.053"/>
  <testcase classname="testcases.PermissionsTestCases_AdminTabs" name="testCase18" time="41.388"/>
  <testcase classname="testcases.PermissionsTestCases_AdminTabs" name="testCase19" time="39.846"/>
  <testcase classname="testcases.PermissionsTestCases_AdminTabs" name="testCase20" time="41.103"/>
  <testcase classname="testcases.PermissionsTestCases_AdminTabs" name="testCase21" time="42.151"/>
  <testcase classname="testcases.PermissionsTestCases_AdminTabs" name="testCase22" time="43.023"/>
  <testcase classname="testcases.PermissionsTestCases_AdminTabs" name="testCase23" time="41.541">
    <failure type="java.lang.AssertionError" message="expected [true] but found [false]">
      <![CDATA[java.lang.AssertionError: expected [true] but found [false]
at testcases.PermissionsTestCases_AdminTabs.testCase23(PermissionsTestCases_AdminTabs.java:282)
at java.base/java.util.ArrayList.forEach(ArrayList.java:1511)
... Removed 31 stack frames]]>
    </failure>
  </testcase> <!-- testCase23 -->
  <testcase classname="testcases.PermissionsTestCases_AdminTabs" name="testCase24" time="49.662"/>
  <testcase classname="testcases.PermissionsTestCases_AdminTabs" name="testCase25" time="58.552">
    <failure type="org.openqa.selenium.ElementClickInterceptedException" message="element click intercepted: Element &amp;lt;span class=&amp;quot;down-arrow&amp;quot;&amp;gt;...&amp;lt;/span&amp;gt; is not clickable at point (1816, 30). Other element would receive the click: &amp;lt;div class=&amp;quot;toast-backdrop&amp;quot;&amp;gt;&amp;lt;/div&amp;gt;
  (Session info: chrome=106.0.5249.119)
Build info: version: &amp;apos;4.8.0&amp;apos;, revision: &amp;apos;267030adea&amp;apos;
System info: os.name: &amp;apos;Linux&amp;apos;, os.arch: &amp;apos;amd64&amp;apos;, os.version: &amp;apos;5.15.0-72-generic&amp;apos;, java.version: &amp;apos;17.0.5&amp;apos;
Driver info: org.openqa.selenium.chrome.ChromeDriver
Command: [bc153e9ed2f2dac1a3aa880aa57ee6e1, clickElement {id=7d7fa294-4ee2-49a7-9f0c-02ab462239e8}]
Capabilities {acceptInsecureCerts: false, browserName: chrome, browserVersion: 106.0.5249.119, chrome: {chromedriverVersion: 106.0.5249.61 (511755355844..., userDataDir: /tmp/.com.google.Chrome.bvXpoR}, goog:chromeOptions: {debuggerAddress: localhost:45603}, networkConnectionEnabled: false, pageLoadStrategy: normal, platformName: LINUX, proxy: Proxy(), se:cdp: ws://localhost:45603/devtoo..., se:cdpVersion: 106.0.5249.119, setWindowRect: true, strictFileInteractability: false, timeouts: {implicit: 0, pageLoad: 300000, script: 30000}, unhandledPromptBehavior: dismiss and notify, webauthn:extension:credBlob: true, webauthn:extension:largeBlob: true, webauthn:virtualAuthenticators: true}
Element: [[ChromeDriver: chrome on LINUX (bc153e9ed2f2dac1a3aa880aa57ee6e1)] -&amp;gt; xpath: //*[@class=&amp;apos;down-arrow&amp;apos;]]
Session ID: bc153e9ed2f2dac1a3aa880aa57ee6e1">
      <![CDATA[org.openqa.selenium.ElementClickInterceptedException: element click intercepted: Element <span class="down-arrow">...</span> is not clickable at point (1816, 30). Other element would receive the click: <div class="toast-backdrop"></div>
  (Session info: chrome=106.0.5249.119)
Build info: version: '4.8.0', revision: '267030adea'
System info: os.name: 'Linux', os.arch: 'amd64', os.version: '5.15.0-72-generic', java.version: '17.0.5'
Driver info: org.openqa.selenium.chrome.ChromeDriver
Command: [bc153e9ed2f2dac1a3aa880aa57ee6e1, clickElement {id=7d7fa294-4ee2-49a7-9f0c-02ab462239e8}]
Capabilities {acceptInsecureCerts: false, browserName: chrome, browserVersion: 106.0.5249.119, chrome: {chromedriverVersion: 106.0.5249.61 (511755355844..., userDataDir: /tmp/.com.google.Chrome.bvXpoR}, goog:chromeOptions: {debuggerAddress: localhost:45603}, networkConnectionEnabled: false, pageLoadStrategy: normal, platformName: LINUX, proxy: Proxy(), se:cdp: ws://localhost:45603/devtoo..., se:cdpVersion: 106.0.5249.119, setWindowRect: true, strictFileInteractability: false, timeouts: {implicit: 0, pageLoad: 300000, script: 30000}, unhandledPromptBehavior: dismiss and notify, webauthn:extension:credBlob: true, webauthn:extension:largeBlob: true, webauthn:virtualAuthenticators: true}
Element: [[ChromeDriver: chrome on LINUX (bc153e9ed2f2dac1a3aa880aa57ee6e1)] -> xpath: //*[@class='down-arrow']]
Session ID: bc153e9ed2f2dac1a3aa880aa57ee6e1
at org.openqa.selenium.remote.codec.w3c.W3CHttpResponseCodec.createException(W3CHttpResponseCodec.java:200)
at org.openqa.selenium.remote.codec.w3c.W3CHttpResponseCodec.decode(W3CHttpResponseCodec.java:133)
at org.openqa.selenium.remote.codec.w3c.W3CHttpResponseCodec.decode(W3CHttpResponseCodec.java:53)
at org.openqa.selenium.remote.HttpCommandExecutor.execute(HttpCommandExecutor.java:184)
at org.openqa.selenium.remote.service.DriverCommandExecutor.invokeExecute(DriverCommandExecutor.java:167)
at org.openqa.selenium.remote.service.DriverCommandExecutor.execute(DriverCommandExecutor.java:142)
at org.openqa.selenium.remote.RemoteWebDriver.execute(RemoteWebDriver.java:543)
at org.openqa.selenium.remote.RemoteWebElement.execute(RemoteWebElement.java:257)
at org.openqa.selenium.remote.RemoteWebElement.click(RemoteWebElement.java:78)
at commonUtils.App.logout(App.java:65)
at testcases.PermissionsTestCases_AdminTabs.testCase25(PermissionsTestCases_AdminTabs.java:299)
at java.base/java.util.ArrayList.forEach(ArrayList.java:1511)
... Removed 32 stack frames]]>
    </failure>
  </testcase> <!-- testCase25 -->
  <testcase classname="testcases.PermissionsTestCases_AdminTabs" name="testCase26" time="52.692"/>
  <testcase classname="testcases.PermissionsTestCases_AdminTabs" name="testCase27" time="45.504"/>
  <testcase classname="testcases.PermissionsTestCases_AdminTabs" name="testCase28" time="42.251"/>
  <testcase classname="testcases.PermissionsTestCases_AdminTabs" name="testCase29" time="41.77"/>
  <testcase classname="testcases.PermissionsTestCases_AdminTabs" name="testCase30" time="41.583"/>
  <testcase classname="testcases.PermissionsTestCases_AdminTabs" name="testCase31" time="38.89"/>
  <testcase classname="testcases.PermissionsTestCases_AdminTabs" name="testCase32" time="40.27"/>
  <testcase classname="testcases.PermissionsTestCases_AdminTabs" name="testCase33" time="38.272"/>
  <testcase classname="testcases.PermissionsTestCases_AdminTabs" name="testCase34" time="41.229"/>
  <testcase classname="testcases.PermissionsTestCases_AdminTabs" name="testCase35" time="29.335">
    <failure type="java.lang.AssertionError" message="expected [true] but found [false]">
      <![CDATA[java.lang.AssertionError: expected [true] but found [false]
at testcases.PermissionsTestCases_AdminTabs.testCase35(PermissionsTestCases_AdminTabs.java:378)
at java.base/java.util.ArrayList.forEach(ArrayList.java:1511)
... Removed 31 stack frames]]>
    </failure>
  </testcase> <!-- testCase35 -->
</testsuite> <!-- Permission Test Cases in Admin Module -->
