<?xml version="1.0" encoding="UTF-8"?>
<!-- Generated by org.testng.reporters.JUnitXMLReporter -->
<testsuite ignored="0" hostname="enterpi-H110M-H" failures="4" tests="35" name="Permission Test Cases in Admin Module" time="1767.538" errors="0" timestamp="2023-06-09T16:48:21 IST">
  <testcase classname="testcases.PermissionsTestCases_AdminTabs" name="testCase1" time="32.671"/>
  <testcase classname="testcases.PermissionsTestCases_AdminTabs" name="testCase2" time="43.241"/>
  <testcase classname="testcases.PermissionsTestCases_AdminTabs" name="testCase3" time="42.583"/>
  <testcase classname="testcases.PermissionsTestCases_AdminTabs" name="testCase4" time="42.642"/>
  <testcase classname="testcases.PermissionsTestCases_AdminTabs" name="testCase5" time="42.724"/>
  <testcase classname="testcases.PermissionsTestCases_AdminTabs" name="testCase6" time="43.128"/>
  <testcase classname="testcases.PermissionsTestCases_AdminTabs" name="testCase7" time="42.355"/>
  <testcase classname="testcases.PermissionsTestCases_AdminTabs" name="testCase8" time="43.816"/>
  <testcase classname="testcases.PermissionsTestCases_AdminTabs" name="testCase9" time="44.257"/>
  <testcase classname="testcases.PermissionsTestCases_AdminTabs" name="testCase10" time="42.89"/>
  <testcase classname="testcases.PermissionsTestCases_AdminTabs" name="testCase11" time="43.437"/>
  <testcase classname="testcases.PermissionsTestCases_AdminTabs" name="testCase12" time="42.695"/>
  <testcase classname="testcases.PermissionsTestCases_AdminTabs" name="testCase13" time="44.585"/>
  <testcase classname="testcases.PermissionsTestCases_AdminTabs" name="testCase14" time="42.963"/>
  <testcase classname="testcases.PermissionsTestCases_AdminTabs" name="testCase15" time="43.688"/>
  <testcase classname="testcases.PermissionsTestCases_AdminTabs" name="testCase16" time="44.728"/>
  <testcase classname="testcases.PermissionsTestCases_AdminTabs" name="testCase17" time="41.642"/>
  <testcase classname="testcases.PermissionsTestCases_AdminTabs" name="testCase18" time="46.461"/>
  <testcase classname="testcases.PermissionsTestCases_AdminTabs" name="testCase19" time="47.964"/>
  <testcase classname="testcases.PermissionsTestCases_AdminTabs" name="testCase20" time="44.655"/>
  <testcase classname="testcases.PermissionsTestCases_AdminTabs" name="testCase21" time="47.406"/>
  <testcase classname="testcases.PermissionsTestCases_AdminTabs" name="testCase22" time="44.83"/>
  <testcase classname="testcases.PermissionsTestCases_AdminTabs" name="testCase23" time="46.94">
    <failure type="java.lang.AssertionError" message="expected [true] but found [false]">
      <![CDATA[java.lang.AssertionError: expected [true] but found [false]
at testcases.PermissionsTestCases_AdminTabs.testCase23(PermissionsTestCases_AdminTabs.java:282)
at java.base/java.util.ArrayList.forEach(ArrayList.java:1511)
... Removed 31 stack frames]]>
    </failure>
  </testcase> <!-- testCase23 -->
  <testcase classname="testcases.PermissionsTestCases_AdminTabs" name="testCase24" time="52.619"/>
  <testcase classname="testcases.PermissionsTestCases_AdminTabs" name="testCase25" time="52.394"/>
  <testcase classname="testcases.PermissionsTestCases_AdminTabs" name="testCase26" time="41.873"/>
  <testcase classname="testcases.PermissionsTestCases_AdminTabs" name="testCase27" time="45.747"/>
  <testcase classname="testcases.PermissionsTestCases_AdminTabs" name="testCase28" time="49.33"/>
  <testcase classname="testcases.PermissionsTestCases_AdminTabs" name="testCase29" time="47.264"/>
  <testcase classname="testcases.PermissionsTestCases_AdminTabs" name="testCase30" time="46.851"/>
  <testcase classname="testcases.PermissionsTestCases_AdminTabs" name="testCase31" time="43.997"/>
  <testcase classname="testcases.PermissionsTestCases_AdminTabs" name="testCase32" time="26.843">
    <failure type="org.openqa.selenium.NoSuchElementException" message="no such element: Unable to locate element: {&amp;quot;method&amp;quot;:&amp;quot;xpath&amp;quot;,&amp;quot;selector&amp;quot;:&amp;quot;//*[@data-size=&amp;apos;large&amp;apos;]&amp;quot;}
  (Session info: chrome=106.0.5249.119)
For documentation on this error, please visit: https://selenium.dev/exceptions/#no_such_element
Build info: version: &amp;apos;4.8.0&amp;apos;, revision: &amp;apos;267030adea&amp;apos;
System info: os.name: &amp;apos;Linux&amp;apos;, os.arch: &amp;apos;amd64&amp;apos;, os.version: &amp;apos;5.15.0-73-generic&amp;apos;, java.version: &amp;apos;17.0.5&amp;apos;
Driver info: org.openqa.selenium.chrome.ChromeDriver
Command: [e1f3cffdef03312a7a3c78c73972a211, findElement {using=xpath, value=//*[@data-size=&amp;apos;large&amp;apos;]}]
Capabilities {acceptInsecureCerts: false, browserName: chrome, browserVersion: 106.0.5249.119, chrome: {chromedriverVersion: 106.0.5249.61 (511755355844..., userDataDir: /tmp/.com.google.Chrome.RXofPj}, goog:chromeOptions: {debuggerAddress: localhost:35923}, networkConnectionEnabled: false, pageLoadStrategy: normal, platformName: LINUX, proxy: Proxy(), se:cdp: ws://localhost:35923/devtoo..., se:cdpVersion: 106.0.5249.119, setWindowRect: true, strictFileInteractability: false, timeouts: {implicit: 0, pageLoad: 300000, script: 30000}, unhandledPromptBehavior: dismiss and notify, webauthn:extension:credBlob: true, webauthn:extension:largeBlob: true, webauthn:virtualAuthenticators: true}
Session ID: e1f3cffdef03312a7a3c78c73972a211">
      <![CDATA[org.openqa.selenium.NoSuchElementException: no such element: Unable to locate element: {"method":"xpath","selector":"//*[@data-size='large']"}
  (Session info: chrome=106.0.5249.119)
For documentation on this error, please visit: https://selenium.dev/exceptions/#no_such_element
Build info: version: '4.8.0', revision: '267030adea'
System info: os.name: 'Linux', os.arch: 'amd64', os.version: '5.15.0-73-generic', java.version: '17.0.5'
Driver info: org.openqa.selenium.chrome.ChromeDriver
Command: [e1f3cffdef03312a7a3c78c73972a211, findElement {using=xpath, value=//*[@data-size='large']}]
Capabilities {acceptInsecureCerts: false, browserName: chrome, browserVersion: 106.0.5249.119, chrome: {chromedriverVersion: 106.0.5249.61 (511755355844..., userDataDir: /tmp/.com.google.Chrome.RXofPj}, goog:chromeOptions: {debuggerAddress: localhost:35923}, networkConnectionEnabled: false, pageLoadStrategy: normal, platformName: LINUX, proxy: Proxy(), se:cdp: ws://localhost:35923/devtoo..., se:cdpVersion: 106.0.5249.119, setWindowRect: true, strictFileInteractability: false, timeouts: {implicit: 0, pageLoad: 300000, script: 30000}, unhandledPromptBehavior: dismiss and notify, webauthn:extension:credBlob: true, webauthn:extension:largeBlob: true, webauthn:virtualAuthenticators: true}
Session ID: e1f3cffdef03312a7a3c78c73972a211
at org.openqa.selenium.remote.codec.w3c.W3CHttpResponseCodec.createException(W3CHttpResponseCodec.java:200)
at org.openqa.selenium.remote.codec.w3c.W3CHttpResponseCodec.decode(W3CHttpResponseCodec.java:133)
at org.openqa.selenium.remote.codec.w3c.W3CHttpResponseCodec.decode(W3CHttpResponseCodec.java:53)
at org.openqa.selenium.remote.HttpCommandExecutor.execute(HttpCommandExecutor.java:184)
at org.openqa.selenium.remote.service.DriverCommandExecutor.invokeExecute(DriverCommandExecutor.java:167)
at org.openqa.selenium.remote.service.DriverCommandExecutor.execute(DriverCommandExecutor.java:142)
at org.openqa.selenium.remote.RemoteWebDriver.execute(RemoteWebDriver.java:543)
at org.openqa.selenium.remote.ElementLocation$ElementFinder$2.findElement(ElementLocation.java:162)
at org.openqa.selenium.remote.ElementLocation.findElement(ElementLocation.java:60)
at org.openqa.selenium.remote.RemoteWebDriver.findElement(RemoteWebDriver.java:352)
at org.openqa.selenium.remote.RemoteWebDriver.findElement(RemoteWebDriver.java:344)
at libraries.Permissions.adminTabwithViewPermission(Permissions.java:122)
at testcases.PermissionsTestCases_AdminTabs.testCase32(PermissionsTestCases_AdminTabs.java:353)
at java.base/java.util.ArrayList.forEach(ArrayList.java:1511)
... Removed 31 stack frames]]>
    </failure>
  </testcase> <!-- testCase32 -->
  <testcase classname="testcases.PermissionsTestCases_AdminTabs" name="testCase33" time="63.474"/>
  <testcase classname="testcases.PermissionsTestCases_AdminTabs" name="testCase34" time="73.026">
    <failure type="org.openqa.selenium.NoSuchElementException" message="no such element: Unable to locate element: {&amp;quot;method&amp;quot;:&amp;quot;xpath&amp;quot;,&amp;quot;selector&amp;quot;:&amp;quot;//*[@data-size=&amp;apos;large&amp;apos;]&amp;quot;}
  (Session info: chrome=106.0.5249.119)
For documentation on this error, please visit: https://selenium.dev/exceptions/#no_such_element
Build info: version: &amp;apos;4.8.0&amp;apos;, revision: &amp;apos;267030adea&amp;apos;
System info: os.name: &amp;apos;Linux&amp;apos;, os.arch: &amp;apos;amd64&amp;apos;, os.version: &amp;apos;5.15.0-73-generic&amp;apos;, java.version: &amp;apos;17.0.5&amp;apos;
Driver info: org.openqa.selenium.chrome.ChromeDriver
Command: [eebe6ca8c318b934dbde88375175a5e0, findElement {using=xpath, value=//*[@data-size=&amp;apos;large&amp;apos;]}]
Capabilities {acceptInsecureCerts: false, browserName: chrome, browserVersion: 106.0.5249.119, chrome: {chromedriverVersion: 106.0.5249.61 (511755355844..., userDataDir: /tmp/.com.google.Chrome.99iub7}, goog:chromeOptions: {debuggerAddress: localhost:43493}, networkConnectionEnabled: false, pageLoadStrategy: normal, platformName: LINUX, proxy: Proxy(), se:cdp: ws://localhost:43493/devtoo..., se:cdpVersion: 106.0.5249.119, setWindowRect: true, strictFileInteractability: false, timeouts: {implicit: 0, pageLoad: 300000, script: 30000}, unhandledPromptBehavior: dismiss and notify, webauthn:extension:credBlob: true, webauthn:extension:largeBlob: true, webauthn:virtualAuthenticators: true}
Session ID: eebe6ca8c318b934dbde88375175a5e0">
      <![CDATA[org.openqa.selenium.NoSuchElementException: no such element: Unable to locate element: {"method":"xpath","selector":"//*[@data-size='large']"}
  (Session info: chrome=106.0.5249.119)
For documentation on this error, please visit: https://selenium.dev/exceptions/#no_such_element
Build info: version: '4.8.0', revision: '267030adea'
System info: os.name: 'Linux', os.arch: 'amd64', os.version: '5.15.0-73-generic', java.version: '17.0.5'
Driver info: org.openqa.selenium.chrome.ChromeDriver
Command: [eebe6ca8c318b934dbde88375175a5e0, findElement {using=xpath, value=//*[@data-size='large']}]
Capabilities {acceptInsecureCerts: false, browserName: chrome, browserVersion: 106.0.5249.119, chrome: {chromedriverVersion: 106.0.5249.61 (511755355844..., userDataDir: /tmp/.com.google.Chrome.99iub7}, goog:chromeOptions: {debuggerAddress: localhost:43493}, networkConnectionEnabled: false, pageLoadStrategy: normal, platformName: LINUX, proxy: Proxy(), se:cdp: ws://localhost:43493/devtoo..., se:cdpVersion: 106.0.5249.119, setWindowRect: true, strictFileInteractability: false, timeouts: {implicit: 0, pageLoad: 300000, script: 30000}, unhandledPromptBehavior: dismiss and notify, webauthn:extension:credBlob: true, webauthn:extension:largeBlob: true, webauthn:virtualAuthenticators: true}
Session ID: eebe6ca8c318b934dbde88375175a5e0
at org.openqa.selenium.remote.codec.w3c.W3CHttpResponseCodec.createException(W3CHttpResponseCodec.java:200)
at org.openqa.selenium.remote.codec.w3c.W3CHttpResponseCodec.decode(W3CHttpResponseCodec.java:133)
at org.openqa.selenium.remote.codec.w3c.W3CHttpResponseCodec.decode(W3CHttpResponseCodec.java:53)
at org.openqa.selenium.remote.HttpCommandExecutor.execute(HttpCommandExecutor.java:184)
at org.openqa.selenium.remote.service.DriverCommandExecutor.invokeExecute(DriverCommandExecutor.java:167)
at org.openqa.selenium.remote.service.DriverCommandExecutor.execute(DriverCommandExecutor.java:142)
at org.openqa.selenium.remote.RemoteWebDriver.execute(RemoteWebDriver.java:543)
at org.openqa.selenium.remote.ElementLocation$ElementFinder$2.findElement(ElementLocation.java:162)
at org.openqa.selenium.remote.ElementLocation.findElement(ElementLocation.java:60)
at org.openqa.selenium.remote.RemoteWebDriver.findElement(RemoteWebDriver.java:352)
at org.openqa.selenium.remote.RemoteWebDriver.findElement(RemoteWebDriver.java:344)
at libraries.Permissions.adminTabwithViewPermission(Permissions.java:132)
at testcases.PermissionsTestCases_AdminTabs.testCase34(PermissionsTestCases_AdminTabs.java:369)
at java.base/java.util.ArrayList.forEach(ArrayList.java:1511)
... Removed 31 stack frames]]>
    </failure>
  </testcase> <!-- testCase34 -->
  <testcase classname="testcases.PermissionsTestCases_AdminTabs" name="testCase35" time="192.687">
    <failure type="org.openqa.selenium.SessionNotCreatedException" message="Could not start a new session. Possible causes are invalid address of the remote server or browser start-up failure. 
Host info: host: &amp;apos;enterpi-H110M-H&amp;apos;, ip: &amp;apos;127.0.1.1&amp;apos;">
      <![CDATA[org.openqa.selenium.SessionNotCreatedException: Could not start a new session. Possible causes are invalid address of the remote server or browser start-up failure. 
Host info: host: 'enterpi-H110M-H', ip: '127.0.1.1'
at org.openqa.selenium.remote.RemoteWebDriver.execute(RemoteWebDriver.java:561)
at org.openqa.selenium.remote.RemoteWebDriver.startSession(RemoteWebDriver.java:229)
at org.openqa.selenium.remote.RemoteWebDriver.<init>(RemoteWebDriver.java:157)
at org.openqa.selenium.chromium.ChromiumDriver.<init>(ChromiumDriver.java:101)
at org.openqa.selenium.chrome.ChromeDriver.<init>(ChromeDriver.java:82)
at org.openqa.selenium.chrome.ChromeDriver.<init>(ChromeDriver.java:71)
at commonUtils.App.login(App.java:54)
at testcases.PermissionsTestCases_AdminTabs.testCase35(PermissionsTestCases_AdminTabs.java:376)
at java.base/java.util.ArrayList.forEach(ArrayList.java:1511)
Caused by: org.openqa.selenium.TimeoutException: java.util.concurrent.TimeoutException
Build info: version: '4.8.0', revision: '267030adea'
System info: os.name: 'Linux', os.arch: 'amd64', os.version: '5.15.0-73-generic', java.version: '17.0.5'
Driver info: driver.version: ChromeDriver
at org.openqa.selenium.remote.http.netty.NettyHttpHandler.makeCall(NettyHttpHandler.java:65)
at org.openqa.selenium.remote.http.AddSeleniumUserAgent.lambda$apply$0(AddSeleniumUserAgent.java:42)
at org.openqa.selenium.remote.http.Filter.lambda$andFinally$1(Filter.java:56)
at org.openqa.selenium.remote.http.netty.NettyHttpHandler.execute(NettyHttpHandler.java:49)
at org.openqa.selenium.remote.http.AddSeleniumUserAgent.lambda$apply$0(AddSeleniumUserAgent.java:42)
at org.openqa.selenium.remote.http.Filter.lambda$andFinally$1(Filter.java:56)
at org.openqa.selenium.remote.http.netty.NettyClient.execute(NettyClient.java:99)
at org.openqa.selenium.remote.ProtocolHandshake.createSession(ProtocolHandshake.java:124)
at org.openqa.selenium.remote.ProtocolHandshake.createSession(ProtocolHandshake.java:106)
at org.openqa.selenium.remote.ProtocolHandshake.createSession(ProtocolHandshake.java:67)
at org.openqa.selenium.remote.HttpCommandExecutor.execute(HttpCommandExecutor.java:156)
at org.openqa.selenium.remote.service.DriverCommandExecutor.invokeExecute(DriverCommandExecutor.java:167)
at org.openqa.selenium.remote.service.DriverCommandExecutor.execute(DriverCommandExecutor.java:142)
at org.openqa.selenium.remote.RemoteWebDriver.execute(RemoteWebDriver.java:543)
... 35 more
Caused by: java.util.concurrent.TimeoutException
at java.base/java.util.concurrent.CompletableFuture.timedGet(CompletableFuture.java:1960)
at java.base/java.util.concurrent.CompletableFuture.get(CompletableFuture.java:2095)
at org.asynchttpclient.netty.NettyResponseFuture.get(NettyResponseFuture.java:206)
at org.openqa.selenium.remote.http.netty.NettyHttpHandler.makeCall(NettyHttpHandler.java:59)
... 48 more
... Removed 27 stack frames]]>
    </failure>
  </testcase> <!-- testCase35 -->
</testsuite> <!-- Permission Test Cases in Admin Module -->
