<?xml version="1.0" encoding="UTF-8"?>
<!-- Generated by org.testng.reporters.JUnitXMLReporter -->
<testsuite ignored="0" hostname="enterpi-H110M-H" failures="8" tests="18" name="Permission Test Cases in Quotes Module" time="2777.858" errors="0" timestamp="2023-05-31T13:53:40 IST">
  <testcase classname="testcases.PermissionsTestCases_QuotesModule" name="testCase1" time="56.043"/>
  <testcase classname="testcases.PermissionsTestCases_QuotesModule" name="testCase2" time="128.754"/>
  <testcase classname="testcases.PermissionsTestCases_QuotesModule" name="testCase3" time="158.299"/>
  <testcase classname="testcases.PermissionsTestCases_QuotesModule" name="testCase4" time="191.46"/>
  <testcase classname="testcases.PermissionsTestCases_QuotesModule" name="testCase5" time="158.408"/>
  <testcase classname="testcases.PermissionsTestCases_QuotesModule" name="testCase6" time="141.372"/>
  <testcase classname="testcases.PermissionsTestCases_QuotesModule" name="testCase7" time="126.017"/>
  <testcase classname="testcases.PermissionsTestCases_QuotesModule" name="testCase8" time="108.02"/>
  <testcase classname="testcases.PermissionsTestCases_QuotesModule" name="testCase9" time="139.337"/>
  <testcase classname="testcases.PermissionsTestCases_QuotesModule" name="testCase10" time="158.227"/>
  <testcase classname="testcases.PermissionsTestCases_QuotesModule" name="testCase11" time="79.011">
    <failure type="org.openqa.selenium.TimeoutException" message="Expected condition failed: waiting for visibility of element located by By.xpath: //*[@class=&amp;apos;ag-react-container&amp;apos;] (tried for 20 second(s) with 500 milliseconds interval)
Build info: version: &amp;apos;4.8.0&amp;apos;, revision: &amp;apos;267030adea&amp;apos;
System info: os.name: &amp;apos;Linux&amp;apos;, os.arch: &amp;apos;amd64&amp;apos;, os.version: &amp;apos;5.15.0-72-generic&amp;apos;, java.version: &amp;apos;17.0.5&amp;apos;
Driver info: org.openqa.selenium.chrome.ChromeDriver
Capabilities {acceptInsecureCerts: false, browserName: chrome, browserVersion: 106.0.5249.119, chrome: {chromedriverVersion: 106.0.5249.61 (511755355844..., userDataDir: /tmp/.com.google.Chrome.vDkuNY}, goog:chromeOptions: {debuggerAddress: localhost:37483}, networkConnectionEnabled: false, pageLoadStrategy: normal, platformName: LINUX, proxy: Proxy(), se:cdp: ws://localhost:37483/devtoo..., se:cdpVersion: 106.0.5249.119, setWindowRect: true, strictFileInteractability: false, timeouts: {implicit: 0, pageLoad: 300000, script: 30000}, unhandledPromptBehavior: dismiss and notify, webauthn:extension:credBlob: true, webauthn:extension:largeBlob: true, webauthn:virtualAuthenticators: true}
Session ID: 0e4a7e8459684f687697e0b040a2cb90">
      <![CDATA[org.openqa.selenium.TimeoutException: Expected condition failed: waiting for visibility of element located by By.xpath: //*[@class='ag-react-container'] (tried for 20 second(s) with 500 milliseconds interval)
Build info: version: '4.8.0', revision: '267030adea'
System info: os.name: 'Linux', os.arch: 'amd64', os.version: '5.15.0-72-generic', java.version: '17.0.5'
Driver info: org.openqa.selenium.chrome.ChromeDriver
Capabilities {acceptInsecureCerts: false, browserName: chrome, browserVersion: 106.0.5249.119, chrome: {chromedriverVersion: 106.0.5249.61 (511755355844..., userDataDir: /tmp/.com.google.Chrome.vDkuNY}, goog:chromeOptions: {debuggerAddress: localhost:37483}, networkConnectionEnabled: false, pageLoadStrategy: normal, platformName: LINUX, proxy: Proxy(), se:cdp: ws://localhost:37483/devtoo..., se:cdpVersion: 106.0.5249.119, setWindowRect: true, strictFileInteractability: false, timeouts: {implicit: 0, pageLoad: 300000, script: 30000}, unhandledPromptBehavior: dismiss and notify, webauthn:extension:credBlob: true, webauthn:extension:largeBlob: true, webauthn:virtualAuthenticators: true}
Session ID: 0e4a7e8459684f687697e0b040a2cb90
at org.openqa.selenium.support.ui.WebDriverWait.timeoutException(WebDriverWait.java:87)
at org.openqa.selenium.support.ui.FluentWait.until(FluentWait.java:231)
at libraries.QuotePages.createQuote(QuotePages.java:28)
at libraries.QuotePages.submitForInternalApproval(QuotePages.java:199)
at libraries.Permissions_QuotesPages.verifyReviseQuotePermissionAsYes_Quotes(Permissions_QuotesPages.java:275)
at testcases.PermissionsTestCases_QuotesModule.testCase11(PermissionsTestCases_QuotesModule.java:136)
at java.base/java.util.ArrayList.forEach(ArrayList.java:1511)
... Removed 27 stack frames]]>
    </failure>
  </testcase> <!-- testCase11 -->
  <testcase classname="testcases.PermissionsTestCases_QuotesModule" name="testCase12" time="310.319">
    <failure type="org.openqa.selenium.TimeoutException" message="java.util.concurrent.TimeoutException
Build info: version: &amp;apos;4.8.0&amp;apos;, revision: &amp;apos;267030adea&amp;apos;
System info: os.name: &amp;apos;Linux&amp;apos;, os.arch: &amp;apos;amd64&amp;apos;, os.version: &amp;apos;5.15.0-72-generic&amp;apos;, java.version: &amp;apos;17.0.5&amp;apos;
Driver info: org.openqa.selenium.chrome.ChromeDriver
Command: [63fced35e4976b6925446046111ff8c8, get {url=https://buzzworld-web-iidm.enterpi.com/}]
Capabilities {acceptInsecureCerts: false, browserName: chrome, browserVersion: 106.0.5249.119, chrome: {chromedriverVersion: 106.0.5249.61 (511755355844..., userDataDir: /tmp/.com.google.Chrome.eyU4Xw}, goog:chromeOptions: {debuggerAddress: localhost:43307}, networkConnectionEnabled: false, pageLoadStrategy: normal, platformName: LINUX, proxy: Proxy(), se:cdp: ws://localhost:43307/devtoo..., se:cdpVersion: 106.0.5249.119, setWindowRect: true, strictFileInteractability: false, timeouts: {implicit: 0, pageLoad: 300000, script: 30000}, unhandledPromptBehavior: dismiss and notify, webauthn:extension:credBlob: true, webauthn:extension:largeBlob: true, webauthn:virtualAuthenticators: true}
Session ID: 63fced35e4976b6925446046111ff8c8">
      <![CDATA[org.openqa.selenium.TimeoutException: java.util.concurrent.TimeoutException
Build info: version: '4.8.0', revision: '267030adea'
System info: os.name: 'Linux', os.arch: 'amd64', os.version: '5.15.0-72-generic', java.version: '17.0.5'
Driver info: org.openqa.selenium.chrome.ChromeDriver
Command: [63fced35e4976b6925446046111ff8c8, get {url=https://buzzworld-web-iidm.enterpi.com/}]
Capabilities {acceptInsecureCerts: false, browserName: chrome, browserVersion: 106.0.5249.119, chrome: {chromedriverVersion: 106.0.5249.61 (511755355844..., userDataDir: /tmp/.com.google.Chrome.eyU4Xw}, goog:chromeOptions: {debuggerAddress: localhost:43307}, networkConnectionEnabled: false, pageLoadStrategy: normal, platformName: LINUX, proxy: Proxy(), se:cdp: ws://localhost:43307/devtoo..., se:cdpVersion: 106.0.5249.119, setWindowRect: true, strictFileInteractability: false, timeouts: {implicit: 0, pageLoad: 300000, script: 30000}, unhandledPromptBehavior: dismiss and notify, webauthn:extension:credBlob: true, webauthn:extension:largeBlob: true, webauthn:virtualAuthenticators: true}
Session ID: 63fced35e4976b6925446046111ff8c8
at org.openqa.selenium.remote.http.netty.NettyHttpHandler.makeCall(NettyHttpHandler.java:65)
at org.openqa.selenium.remote.http.AddSeleniumUserAgent.lambda$apply$0(AddSeleniumUserAgent.java:42)
at org.openqa.selenium.remote.http.Filter.lambda$andFinally$1(Filter.java:56)
at org.openqa.selenium.remote.http.netty.NettyHttpHandler.execute(NettyHttpHandler.java:49)
at org.openqa.selenium.remote.http.AddSeleniumUserAgent.lambda$apply$0(AddSeleniumUserAgent.java:42)
at org.openqa.selenium.remote.http.Filter.lambda$andFinally$1(Filter.java:56)
at org.openqa.selenium.remote.http.netty.NettyClient.execute(NettyClient.java:99)
at org.openqa.selenium.remote.HttpCommandExecutor.execute(HttpCommandExecutor.java:181)
at org.openqa.selenium.remote.service.DriverCommandExecutor.invokeExecute(DriverCommandExecutor.java:167)
at org.openqa.selenium.remote.service.DriverCommandExecutor.execute(DriverCommandExecutor.java:142)
at org.openqa.selenium.remote.RemoteWebDriver.execute(RemoteWebDriver.java:543)
at org.openqa.selenium.remote.RemoteWebDriver.get(RemoteWebDriver.java:297)
at commonUtils.App.login(App.java:55)
at testcases.PermissionsTestCases_QuotesModule.testCase12(PermissionsTestCases_QuotesModule.java:147)
at java.base/java.util.ArrayList.forEach(ArrayList.java:1511)
Caused by: java.util.concurrent.TimeoutException
at java.base/java.util.concurrent.CompletableFuture.timedGet(CompletableFuture.java:1960)
at java.base/java.util.concurrent.CompletableFuture.get(CompletableFuture.java:2095)
at org.asynchttpclient.netty.NettyResponseFuture.get(NettyResponseFuture.java:206)
at org.openqa.selenium.remote.http.netty.NettyHttpHandler.makeCall(NettyHttpHandler.java:59)
... 41 more
... Removed 27 stack frames]]>
    </failure>
  </testcase> <!-- testCase12 -->
  <testcase classname="testcases.PermissionsTestCases_QuotesModule" name="testCase13" time="143.681">
    <failure type="org.openqa.selenium.SessionNotCreatedException" message="Could not start a new session. Possible causes are invalid address of the remote server or browser start-up failure. 
Host info: host: &amp;apos;enterpi-H110M-H&amp;apos;, ip: &amp;apos;127.0.1.1&amp;apos;">
      <![CDATA[org.openqa.selenium.SessionNotCreatedException: Could not start a new session. Possible causes are invalid address of the remote server or browser start-up failure. 
Host info: host: 'enterpi-H110M-H', ip: '127.0.1.1'
at org.openqa.selenium.remote.RemoteWebDriver.execute(RemoteWebDriver.java:561)
at org.openqa.selenium.remote.RemoteWebDriver.startSession(RemoteWebDriver.java:229)
at org.openqa.selenium.remote.RemoteWebDriver.<init>(RemoteWebDriver.java:157)
at org.openqa.selenium.chromium.ChromiumDriver.<init>(ChromiumDriver.java:101)
at org.openqa.selenium.chrome.ChromeDriver.<init>(ChromeDriver.java:82)
at org.openqa.selenium.chrome.ChromeDriver.<init>(ChromeDriver.java:71)
at commonUtils.App.login(App.java:53)
at testcases.PermissionsTestCases_QuotesModule.testCase13(PermissionsTestCases_QuotesModule.java:159)
at java.base/java.util.ArrayList.forEach(ArrayList.java:1511)
Caused by: org.openqa.selenium.WebDriverException: Timed out waiting for driver server to bind the port.
Build info: version: '4.8.0', revision: '267030adea'
System info: os.name: 'Linux', os.arch: 'amd64', os.version: '5.15.0-72-generic', java.version: '17.0.5'
Driver info: driver.version: ChromeDriver
at org.openqa.selenium.remote.service.DriverService.start(DriverService.java:246)
at org.openqa.selenium.remote.service.DriverCommandExecutor.execute(DriverCommandExecutor.java:98)
at org.openqa.selenium.remote.RemoteWebDriver.execute(RemoteWebDriver.java:543)
... 35 more
... Removed 27 stack frames]]>
    </failure>
  </testcase> <!-- testCase13 -->
  <testcase classname="testcases.PermissionsTestCases_QuotesModule" name="testCase14" time="70.416">
    <failure type="org.openqa.selenium.SessionNotCreatedException" message="Could not start a new session. Possible causes are invalid address of the remote server or browser start-up failure. 
Host info: host: &amp;apos;enterpi-H110M-H&amp;apos;, ip: &amp;apos;127.0.1.1&amp;apos;">
      <![CDATA[org.openqa.selenium.SessionNotCreatedException: Could not start a new session. Possible causes are invalid address of the remote server or browser start-up failure. 
Host info: host: 'enterpi-H110M-H', ip: '127.0.1.1'
at org.openqa.selenium.remote.RemoteWebDriver.execute(RemoteWebDriver.java:561)
at org.openqa.selenium.remote.RemoteWebDriver.startSession(RemoteWebDriver.java:229)
at org.openqa.selenium.remote.RemoteWebDriver.<init>(RemoteWebDriver.java:157)
at org.openqa.selenium.chromium.ChromiumDriver.<init>(ChromiumDriver.java:101)
at org.openqa.selenium.chrome.ChromeDriver.<init>(ChromeDriver.java:82)
at org.openqa.selenium.chrome.ChromeDriver.<init>(ChromeDriver.java:71)
at commonUtils.App.login(App.java:53)
at testcases.PermissionsTestCases_QuotesModule.testCase14(PermissionsTestCases_QuotesModule.java:171)
at java.base/java.util.ArrayList.forEach(ArrayList.java:1511)
Caused by: org.openqa.selenium.WebDriverException: Timed out waiting for driver server to bind the port.
Build info: version: '4.8.0', revision: '267030adea'
System info: os.name: 'Linux', os.arch: 'amd64', os.version: '5.15.0-72-generic', java.version: '17.0.5'
Driver info: driver.version: ChromeDriver
at org.openqa.selenium.remote.service.DriverService.start(DriverService.java:246)
at org.openqa.selenium.remote.service.DriverCommandExecutor.execute(DriverCommandExecutor.java:98)
at org.openqa.selenium.remote.RemoteWebDriver.execute(RemoteWebDriver.java:543)
... 35 more
... Removed 27 stack frames]]>
    </failure>
  </testcase> <!-- testCase14 -->
  <testcase classname="testcases.PermissionsTestCases_QuotesModule" name="testCase15" time="35.997">
    <failure type="org.openqa.selenium.SessionNotCreatedException" message="Could not start a new session. Possible causes are invalid address of the remote server or browser start-up failure. 
Host info: host: &amp;apos;enterpi-H110M-H&amp;apos;, ip: &amp;apos;127.0.1.1&amp;apos;">
      <![CDATA[org.openqa.selenium.SessionNotCreatedException: Could not start a new session. Possible causes are invalid address of the remote server or browser start-up failure. 
Host info: host: 'enterpi-H110M-H', ip: '127.0.1.1'
at org.openqa.selenium.remote.RemoteWebDriver.execute(RemoteWebDriver.java:561)
at org.openqa.selenium.remote.RemoteWebDriver.startSession(RemoteWebDriver.java:229)
at org.openqa.selenium.remote.RemoteWebDriver.<init>(RemoteWebDriver.java:157)
at org.openqa.selenium.chromium.ChromiumDriver.<init>(ChromiumDriver.java:101)
at org.openqa.selenium.chrome.ChromeDriver.<init>(ChromeDriver.java:82)
at org.openqa.selenium.chrome.ChromeDriver.<init>(ChromeDriver.java:71)
at commonUtils.App.login(App.java:53)
at testcases.PermissionsTestCases_QuotesModule.testCase15(PermissionsTestCases_QuotesModule.java:183)
at java.base/java.util.ArrayList.forEach(ArrayList.java:1511)
Caused by: org.openqa.selenium.WebDriverException: Timed out waiting for driver server to bind the port.
Build info: version: '4.8.0', revision: '267030adea'
System info: os.name: 'Linux', os.arch: 'amd64', os.version: '5.15.0-72-generic', java.version: '17.0.5'
Driver info: driver.version: ChromeDriver
at org.openqa.selenium.remote.service.DriverService.start(DriverService.java:246)
at org.openqa.selenium.remote.service.DriverCommandExecutor.execute(DriverCommandExecutor.java:98)
at org.openqa.selenium.remote.RemoteWebDriver.execute(RemoteWebDriver.java:543)
... 35 more
... Removed 27 stack frames]]>
    </failure>
  </testcase> <!-- testCase15 -->
  <testcase classname="testcases.PermissionsTestCases_QuotesModule" name="testCase16" time="265.012">
    <failure type="org.openqa.selenium.SessionNotCreatedException" message="Could not start a new session. Possible causes are invalid address of the remote server or browser start-up failure. 
Host info: host: &amp;apos;enterpi-H110M-H&amp;apos;, ip: &amp;apos;127.0.1.1&amp;apos;">
      <![CDATA[org.openqa.selenium.SessionNotCreatedException: Could not start a new session. Possible causes are invalid address of the remote server or browser start-up failure. 
Host info: host: 'enterpi-H110M-H', ip: '127.0.1.1'
at org.openqa.selenium.remote.RemoteWebDriver.execute(RemoteWebDriver.java:561)
at org.openqa.selenium.remote.RemoteWebDriver.startSession(RemoteWebDriver.java:229)
at org.openqa.selenium.remote.RemoteWebDriver.<init>(RemoteWebDriver.java:157)
at org.openqa.selenium.chromium.ChromiumDriver.<init>(ChromiumDriver.java:101)
at org.openqa.selenium.chrome.ChromeDriver.<init>(ChromeDriver.java:82)
at org.openqa.selenium.chrome.ChromeDriver.<init>(ChromeDriver.java:71)
at commonUtils.App.login(App.java:53)
at testcases.PermissionsTestCases_QuotesModule.testCase16(PermissionsTestCases_QuotesModule.java:195)
at java.base/java.util.ArrayList.forEach(ArrayList.java:1511)
Caused by: org.openqa.selenium.WebDriverException: Timed out waiting for driver server to bind the port.
Build info: version: '4.8.0', revision: '267030adea'
System info: os.name: 'Linux', os.arch: 'amd64', os.version: '5.15.0-72-generic', java.version: '17.0.5'
Driver info: driver.version: ChromeDriver
at org.openqa.selenium.remote.service.DriverService.start(DriverService.java:246)
at org.openqa.selenium.remote.service.DriverCommandExecutor.execute(DriverCommandExecutor.java:98)
at org.openqa.selenium.remote.RemoteWebDriver.execute(RemoteWebDriver.java:543)
... 35 more
... Removed 27 stack frames]]>
    </failure>
  </testcase> <!-- testCase16 -->
  <testcase classname="testcases.PermissionsTestCases_QuotesModule" name="testCase17" time="143.314">
    <failure type="org.openqa.selenium.SessionNotCreatedException" message="Could not start a new session. Response code 500. Message: unknown error: DevToolsActivePort file doesn&amp;apos;t exist 
Host info: host: &amp;apos;enterpi-H110M-H&amp;apos;, ip: &amp;apos;127.0.1.1&amp;apos;
Build info: version: &amp;apos;4.8.0&amp;apos;, revision: &amp;apos;267030adea&amp;apos;
System info: os.name: &amp;apos;Linux&amp;apos;, os.arch: &amp;apos;amd64&amp;apos;, os.version: &amp;apos;5.15.0-72-generic&amp;apos;, java.version: &amp;apos;17.0.5&amp;apos;
Driver info: org.openqa.selenium.chrome.ChromeDriver
Command: [null, newSession {capabilities=[Capabilities {browserName: chrome, goog:chromeOptions: {args: [--remote-allow-origins=*], extensions: []}}], desiredCapabilities=Capabilities {browserName: chrome, goog:chromeOptions: {args: [--remote-allow-origins=*], extensions: []}}}]">
      <![CDATA[org.openqa.selenium.SessionNotCreatedException: Could not start a new session. Response code 500. Message: unknown error: DevToolsActivePort file doesn't exist 
Host info: host: 'enterpi-H110M-H', ip: '127.0.1.1'
Build info: version: '4.8.0', revision: '267030adea'
System info: os.name: 'Linux', os.arch: 'amd64', os.version: '5.15.0-72-generic', java.version: '17.0.5'
Driver info: org.openqa.selenium.chrome.ChromeDriver
Command: [null, newSession {capabilities=[Capabilities {browserName: chrome, goog:chromeOptions: {args: [--remote-allow-origins=*], extensions: []}}], desiredCapabilities=Capabilities {browserName: chrome, goog:chromeOptions: {args: [--remote-allow-origins=*], extensions: []}}}]
at org.openqa.selenium.remote.ProtocolHandshake.createSession(ProtocolHandshake.java:148)
at org.openqa.selenium.remote.ProtocolHandshake.createSession(ProtocolHandshake.java:106)
at org.openqa.selenium.remote.ProtocolHandshake.createSession(ProtocolHandshake.java:67)
at org.openqa.selenium.remote.HttpCommandExecutor.execute(HttpCommandExecutor.java:156)
at org.openqa.selenium.remote.service.DriverCommandExecutor.invokeExecute(DriverCommandExecutor.java:167)
at org.openqa.selenium.remote.service.DriverCommandExecutor.execute(DriverCommandExecutor.java:142)
at org.openqa.selenium.remote.RemoteWebDriver.execute(RemoteWebDriver.java:543)
at org.openqa.selenium.remote.RemoteWebDriver.startSession(RemoteWebDriver.java:229)
at org.openqa.selenium.remote.RemoteWebDriver.<init>(RemoteWebDriver.java:157)
at org.openqa.selenium.chromium.ChromiumDriver.<init>(ChromiumDriver.java:101)
at org.openqa.selenium.chrome.ChromeDriver.<init>(ChromeDriver.java:82)
at org.openqa.selenium.chrome.ChromeDriver.<init>(ChromeDriver.java:71)
at commonUtils.App.login(App.java:53)
at testcases.PermissionsTestCases_QuotesModule.testCase17(PermissionsTestCases_QuotesModule.java:207)
at java.base/java.util.ArrayList.forEach(ArrayList.java:1511)
... Removed 27 stack frames]]>
    </failure>
  </testcase> <!-- testCase17 -->
  <testcase classname="testcases.PermissionsTestCases_QuotesModule" name="testCase18" time="148.483">
    <failure type="org.openqa.selenium.SessionNotCreatedException" message="Could not start a new session. Possible causes are invalid address of the remote server or browser start-up failure. 
Host info: host: &amp;apos;enterpi-H110M-H&amp;apos;, ip: &amp;apos;127.0.1.1&amp;apos;">
      <![CDATA[org.openqa.selenium.SessionNotCreatedException: Could not start a new session. Possible causes are invalid address of the remote server or browser start-up failure. 
Host info: host: 'enterpi-H110M-H', ip: '127.0.1.1'
at org.openqa.selenium.remote.RemoteWebDriver.execute(RemoteWebDriver.java:561)
at org.openqa.selenium.remote.RemoteWebDriver.startSession(RemoteWebDriver.java:229)
at org.openqa.selenium.remote.RemoteWebDriver.<init>(RemoteWebDriver.java:157)
at org.openqa.selenium.chromium.ChromiumDriver.<init>(ChromiumDriver.java:101)
at org.openqa.selenium.chrome.ChromeDriver.<init>(ChromeDriver.java:82)
at org.openqa.selenium.chrome.ChromeDriver.<init>(ChromeDriver.java:71)
at commonUtils.App.login(App.java:53)
at testcases.PermissionsTestCases_QuotesModule.testCase18(PermissionsTestCases_QuotesModule.java:219)
at java.base/java.util.ArrayList.forEach(ArrayList.java:1511)
Caused by: org.openqa.selenium.WebDriverException: Timed out waiting for driver server to bind the port.
Build info: version: '4.8.0', revision: '267030adea'
System info: os.name: 'Linux', os.arch: 'amd64', os.version: '5.15.0-72-generic', java.version: '17.0.5'
Driver info: driver.version: ChromeDriver
at org.openqa.selenium.remote.service.DriverService.start(DriverService.java:246)
at org.openqa.selenium.remote.service.DriverCommandExecutor.execute(DriverCommandExecutor.java:98)
at org.openqa.selenium.remote.RemoteWebDriver.execute(RemoteWebDriver.java:543)
... 35 more
... Removed 27 stack frames]]>
    </failure>
  </testcase> <!-- testCase18 -->
</testsuite> <!-- Permission Test Cases in Quotes Module -->
