<?xml version="1.0" encoding="UTF-8"?>
<!-- Generated by org.testng.reporters.JUnitXMLReporter -->
<testsuite ignored="24" hostname="enterpi-H110M-H" failures="0" tests="1" name="Quotes Test Cases" time="583.69" errors="0" timestamp="2023-08-03T17:33:24 IST">
  <testcase classname="testcases.QuoteTestCases" name="testCase0" time="571.685"/>
  <testcase classname="testcases.QuoteTestCases" name="testCase20" time="0.0">
    <ignored/>
  </testcase> <!-- testCase20 -->
  <testcase classname="testcases.QuoteTestCases" name="testCase21" time="0.0">
    <ignored/>
  </testcase> <!-- testCase21 -->
  <testcase classname="testcases.QuoteTestCases" name="testCase22" time="0.0">
    <ignored/>
  </testcase> <!-- testCase22 -->
  <testcase classname="testcases.QuoteTestCases" name="testCase23" time="0.0">
    <ignored/>
  </testcase> <!-- testCase23 -->
  <testcase classname="testcases.QuoteTestCases" name="testCase12" time="0.0">
    <ignored/>
  </testcase> <!-- testCase12 -->
  <testcase classname="testcases.QuoteTestCases" name="testCase24" time="0.0">
    <ignored/>
  </testcase> <!-- testCase24 -->
  <testcase classname="testcases.QuoteTestCases" name="testCase13" time="0.0">
    <ignored/>
  </testcase> <!-- testCase13 -->
  <testcase classname="testcases.QuoteTestCases" name="testCase14" time="0.0">
    <ignored/>
  </testcase> <!-- testCase14 -->
  <testcase classname="testcases.QuoteTestCases" name="testCase25" time="0.0">
    <ignored/>
  </testcase> <!-- testCase25 -->
  <testcase classname="testcases.QuoteTestCases" name="testCase26" time="0.0">
    <ignored/>
  </testcase> <!-- testCase26 -->
  <testcase classname="testcases.QuoteTestCases" name="testCase15" time="0.0">
    <ignored/>
  </testcase> <!-- testCase15 -->
  <testcase classname="testcases.QuoteTestCases" name="testCase16" time="0.0">
    <ignored/>
  </testcase> <!-- testCase16 -->
  <testcase classname="testcases.QuoteTestCases" name="testCase27" time="0.0">
    <ignored/>
  </testcase> <!-- testCase27 -->
  <testcase classname="testcases.QuoteTestCases" name="testCase17" time="0.0">
    <ignored/>
  </testcase> <!-- testCase17 -->
  <testcase classname="testcases.QuoteTestCases" name="testCase28" time="0.0">
    <ignored/>
  </testcase> <!-- testCase28 -->
  <testcase classname="testcases.QuoteTestCases" name="testCase18" time="0.0">
    <ignored/>
  </testcase> <!-- testCase18 -->
  <testcase classname="testcases.QuoteTestCases" name="testCase19" time="0.0">
    <ignored/>
  </testcase> <!-- testCase19 -->
  <testcase classname="testcases.QuoteTestCases" name="testCase1" time="0.0">
    <ignored/>
  </testcase> <!-- testCase1 -->
  <testcase classname="testcases.QuoteTestCases" name="testCase4" time="0.0">
    <ignored/>
  </testcase> <!-- testCase4 -->
  <testcase classname="testcases.QuoteTestCases" name="testCase5" time="0.0">
    <ignored/>
  </testcase> <!-- testCase5 -->
  <testcase classname="testcases.QuoteTestCases" name="testCase2" time="0.0">
    <ignored/>
  </testcase> <!-- testCase2 -->
  <testcase classname="testcases.QuoteTestCases" name="testCase3" time="0.0">
    <ignored/>
  </testcase> <!-- testCase3 -->
  <testcase classname="testcases.QuoteTestCases" name="testCase8" time="0.0">
    <ignored/>
  </testcase> <!-- testCase8 -->
  <testcase classname="testcases.QuoteTestCases" name="testCase6" time="0.0">
    <ignored/>
  </testcase> <!-- testCase6 -->
</testsuite> <!-- Quotes Test Cases -->
