<?xml version="1.0" encoding="UTF-8"?>
<!-- Generated by org.testng.reporters.JUnitXMLReporter -->
<testsuite ignored="34" hostname="enterpi-H110M-H" failures="1" tests="1" name="Default test" time="45.535" errors="0" timestamp="2023-06-01T18:23:30 IST">
  <testcase classname="testcases.PermissionsTestCases_AdminTabs" name="testCase23" time="34.207">
    <failure type="java.lang.AssertionError" message="expected [true] but found [false]">
      <![CDATA[java.lang.AssertionError: expected [true] but found [false]
at org.testng.Assert.fail(Assert.java:110)
at org.testng.Assert.failNotEquals(Assert.java:1577)
at org.testng.Assert.assertTrue(Assert.java:56)
at org.testng.Assert.assertTrue(Assert.java:66)
at testcases.PermissionsTestCases_AdminTabs.testCase23(PermissionsTestCases_AdminTabs.java:282)
at java.base/jdk.internal.reflect.NativeMethodAccessorImpl.invoke0(Native Method)
at java.base/jdk.internal.reflect.NativeMethodAccessorImpl.invoke(NativeMethodAccessorImpl.java:77)
at java.base/jdk.internal.reflect.DelegatingMethodAccessorImpl.invoke(DelegatingMethodAccessorImpl.java:43)
at java.base/java.lang.reflect.Method.invoke(Method.java:568)
at org.testng.internal.invokers.MethodInvocationHelper.invokeMethod(MethodInvocationHelper.java:139)
at org.testng.internal.invokers.TestInvoker.invokeMethod(TestInvoker.java:677)
at org.testng.internal.invokers.TestInvoker.invokeTestMethod(TestInvoker.java:221)
at org.testng.internal.invokers.MethodRunner.runInSequence(MethodRunner.java:50)
at org.testng.internal.invokers.TestInvoker$MethodInvocationAgent.invoke(TestInvoker.java:969)
at org.testng.internal.invokers.TestInvoker.invokeTestMethods(TestInvoker.java:194)
at org.testng.internal.invokers.TestMethodWorker.invokeTestMethods(TestMethodWorker.java:148)
at org.testng.internal.invokers.TestMethodWorker.run(TestMethodWorker.java:128)
at java.base/java.util.ArrayList.forEach(ArrayList.java:1511)
at org.testng.TestRunner.privateRun(TestRunner.java:829)
at org.testng.TestRunner.run(TestRunner.java:602)
at org.testng.SuiteRunner.runTest(SuiteRunner.java:437)
at org.testng.SuiteRunner.runSequentially(SuiteRunner.java:431)
at org.testng.SuiteRunner.privateRun(SuiteRunner.java:391)
at org.testng.SuiteRunner.run(SuiteRunner.java:330)
at org.testng.SuiteRunnerWorker.runSuite(SuiteRunnerWorker.java:52)
at org.testng.SuiteRunnerWorker.run(SuiteRunnerWorker.java:95)
at org.testng.TestNG.runSuitesSequentially(TestNG.java:1256)
at org.testng.TestNG.runSuitesLocally(TestNG.java:1176)
at org.testng.TestNG.runSuites(TestNG.java:1099)
at org.testng.TestNG.run(TestNG.java:1067)
at org.testng.remote.AbstractRemoteTestNG.run(AbstractRemoteTestNG.java:115)
at org.testng.remote.RemoteTestNG.initAndRun(RemoteTestNG.java:251)
at org.testng.remote.RemoteTestNG.main(RemoteTestNG.java:77)
]]>
    </failure>
  </testcase> <!-- testCase23 -->
  <testcase classname="testcases.PermissionsTestCases_AdminTabs" name="testCase30" time="0.0">
    <ignored/>
  </testcase> <!-- testCase30 -->
  <testcase classname="testcases.PermissionsTestCases_AdminTabs" name="testCase2" time="0.0">
    <ignored/>
  </testcase> <!-- testCase2 -->
  <testcase classname="testcases.PermissionsTestCases_AdminTabs" name="testCase4" time="0.0">
    <ignored/>
  </testcase> <!-- testCase4 -->
  <testcase classname="testcases.PermissionsTestCases_AdminTabs" name="testCase6" time="0.0">
    <ignored/>
  </testcase> <!-- testCase6 -->
  <testcase classname="testcases.PermissionsTestCases_AdminTabs" name="testCase16" time="0.0">
    <ignored/>
  </testcase> <!-- testCase16 -->
  <testcase classname="testcases.PermissionsTestCases_AdminTabs" name="testCase14" time="0.0">
    <ignored/>
  </testcase> <!-- testCase14 -->
  <testcase classname="testcases.PermissionsTestCases_AdminTabs" name="testCase26" time="0.0">
    <ignored/>
  </testcase> <!-- testCase26 -->
  <testcase classname="testcases.PermissionsTestCases_AdminTabs" name="testCase31" time="0.0">
    <ignored/>
  </testcase> <!-- testCase31 -->
  <testcase classname="testcases.PermissionsTestCases_AdminTabs" name="testCase35" time="0.0">
    <ignored/>
  </testcase> <!-- testCase35 -->
  <testcase classname="testcases.PermissionsTestCases_AdminTabs" name="testCase13" time="0.0">
    <ignored/>
  </testcase> <!-- testCase13 -->
  <testcase classname="testcases.PermissionsTestCases_AdminTabs" name="testCase21" time="0.0">
    <ignored/>
  </testcase> <!-- testCase21 -->
  <testcase classname="testcases.PermissionsTestCases_AdminTabs" name="testCase33" time="0.0">
    <ignored/>
  </testcase> <!-- testCase33 -->
  <testcase classname="testcases.PermissionsTestCases_AdminTabs" name="testCase11" time="0.0">
    <ignored/>
  </testcase> <!-- testCase11 -->
  <testcase classname="testcases.PermissionsTestCases_AdminTabs" name="testCase8" time="0.0">
    <ignored/>
  </testcase> <!-- testCase8 -->
  <testcase classname="testcases.PermissionsTestCases_AdminTabs" name="testCase17" time="0.0">
    <ignored/>
  </testcase> <!-- testCase17 -->
  <testcase classname="testcases.PermissionsTestCases_AdminTabs" name="testCase29" time="0.0">
    <ignored/>
  </testcase> <!-- testCase29 -->
  <testcase classname="testcases.PermissionsTestCases_AdminTabs" name="testCase19" time="0.0">
    <ignored/>
  </testcase> <!-- testCase19 -->
  <testcase classname="testcases.PermissionsTestCases_AdminTabs" name="testCase3" time="0.0">
    <ignored/>
  </testcase> <!-- testCase3 -->
  <testcase classname="testcases.PermissionsTestCases_AdminTabs" name="testCase5" time="0.0">
    <ignored/>
  </testcase> <!-- testCase5 -->
  <testcase classname="testcases.PermissionsTestCases_AdminTabs" name="testCase27" time="0.0">
    <ignored/>
  </testcase> <!-- testCase27 -->
  <testcase classname="testcases.PermissionsTestCases_AdminTabs" name="testCase25" time="0.0">
    <ignored/>
  </testcase> <!-- testCase25 -->
  <testcase classname="testcases.PermissionsTestCases_AdminTabs" name="testCase15" time="0.0">
    <ignored/>
  </testcase> <!-- testCase15 -->
  <testcase classname="testcases.PermissionsTestCases_AdminTabs" name="testCase20" time="0.0">
    <ignored/>
  </testcase> <!-- testCase20 -->
  <testcase classname="testcases.PermissionsTestCases_AdminTabs" name="testCase1" time="0.0">
    <ignored/>
  </testcase> <!-- testCase1 -->
  <testcase classname="testcases.PermissionsTestCases_AdminTabs" name="testCase34" time="0.0">
    <ignored/>
  </testcase> <!-- testCase34 -->
  <testcase classname="testcases.PermissionsTestCases_AdminTabs" name="testCase12" time="0.0">
    <ignored/>
  </testcase> <!-- testCase12 -->
  <testcase classname="testcases.PermissionsTestCases_AdminTabs" name="testCase24" time="0.0">
    <ignored/>
  </testcase> <!-- testCase24 -->
  <testcase classname="testcases.PermissionsTestCases_AdminTabs" name="testCase32" time="0.0">
    <ignored/>
  </testcase> <!-- testCase32 -->
  <testcase classname="testcases.PermissionsTestCases_AdminTabs" name="testCase10" time="0.0">
    <ignored/>
  </testcase> <!-- testCase10 -->
  <testcase classname="testcases.PermissionsTestCases_AdminTabs" name="testCase22" time="0.0">
    <ignored/>
  </testcase> <!-- testCase22 -->
  <testcase classname="testcases.PermissionsTestCases_AdminTabs" name="testCase7" time="0.0">
    <ignored/>
  </testcase> <!-- testCase7 -->
  <testcase classname="testcases.PermissionsTestCases_AdminTabs" name="testCase28" time="0.0">
    <ignored/>
  </testcase> <!-- testCase28 -->
  <testcase classname="testcases.PermissionsTestCases_AdminTabs" name="testCase9" time="0.0">
    <ignored/>
  </testcase> <!-- testCase9 -->
  <testcase classname="testcases.PermissionsTestCases_AdminTabs" name="testCase18" time="0.0">
    <ignored/>
  </testcase> <!-- testCase18 -->
</testsuite> <!-- Default test -->
