<?xml version="1.0" encoding="UTF-8"?>
<!-- Generated by org.testng.reporters.JUnitXMLReporter -->
<testsuite ignored="0" hostname="enterpi-H110M-H" failures="1" tests="1" name="Default test" time="30.196" errors="0" timestamp="2023-08-17T16:11:23 IST">
  <testcase classname="testcases.PricingTestCases" name="testCase1" time="17.401">
    <failure type="org.openqa.selenium.ElementClickInterceptedException" message="element click intercepted: Element &amp;lt;img src=&amp;quot;/static/media/delete-icon-red.2ce63c3e.svg&amp;quot; alt=&amp;quot;loading&amp;quot;&amp;gt; is not clickable at point (1772, 209). Other element would receive the click: &amp;lt;div class=&amp;quot;toast-backdrop&amp;quot;&amp;gt;&amp;lt;/div&amp;gt;
  (Session info: chrome=106.0.5249.119)
Build info: version: &amp;apos;4.8.0&amp;apos;, revision: &amp;apos;267030adea&amp;apos;
System info: os.name: &amp;apos;Linux&amp;apos;, os.arch: &amp;apos;amd64&amp;apos;, os.version: &amp;apos;5.15.0-78-generic&amp;apos;, java.version: &amp;apos;17.0.5&amp;apos;
Driver info: org.openqa.selenium.chrome.ChromeDriver
Command: [073ec00422aa3ac3ff319a5051768f56, clickElement {id=e69c15a0-387a-4d55-81de-1f3bfc380d0a}]
Capabilities {acceptInsecureCerts: false, browserName: chrome, browserVersion: 106.0.5249.119, chrome: {chromedriverVersion: 106.0.5249.61 (511755355844..., userDataDir: /tmp/.com.google.Chrome.zKfAVe}, goog:chromeOptions: {debuggerAddress: localhost:45363}, networkConnectionEnabled: false, pageLoadStrategy: normal, platformName: LINUX, proxy: Proxy(), se:cdp: ws://localhost:45363/devtoo..., se:cdpVersion: 106.0.5249.119, setWindowRect: true, strictFileInteractability: false, timeouts: {implicit: 0, pageLoad: 300000, script: 30000}, unhandledPromptBehavior: dismiss and notify, webauthn:extension:credBlob: true, webauthn:extension:largeBlob: true, webauthn:virtualAuthenticators: true}
Element: [[ChromeDriver: chrome on LINUX (073ec00422aa3ac3ff319a5051768f56)] -&amp;gt; xpath: //*[contains(@src, &amp;apos;delete-icon&amp;apos;)]]
Session ID: 073ec00422aa3ac3ff319a5051768f56">
      <![CDATA[org.openqa.selenium.ElementClickInterceptedException: element click intercepted: Element <img src="/static/media/delete-icon-red.2ce63c3e.svg" alt="loading"> is not clickable at point (1772, 209). Other element would receive the click: <div class="toast-backdrop"></div>
  (Session info: chrome=106.0.5249.119)
Build info: version: '4.8.0', revision: '267030adea'
System info: os.name: 'Linux', os.arch: 'amd64', os.version: '5.15.0-78-generic', java.version: '17.0.5'
Driver info: org.openqa.selenium.chrome.ChromeDriver
Command: [073ec00422aa3ac3ff319a5051768f56, clickElement {id=e69c15a0-387a-4d55-81de-1f3bfc380d0a}]
Capabilities {acceptInsecureCerts: false, browserName: chrome, browserVersion: 106.0.5249.119, chrome: {chromedriverVersion: 106.0.5249.61 (511755355844..., userDataDir: /tmp/.com.google.Chrome.zKfAVe}, goog:chromeOptions: {debuggerAddress: localhost:45363}, networkConnectionEnabled: false, pageLoadStrategy: normal, platformName: LINUX, proxy: Proxy(), se:cdp: ws://localhost:45363/devtoo..., se:cdpVersion: 106.0.5249.119, setWindowRect: true, strictFileInteractability: false, timeouts: {implicit: 0, pageLoad: 300000, script: 30000}, unhandledPromptBehavior: dismiss and notify, webauthn:extension:credBlob: true, webauthn:extension:largeBlob: true, webauthn:virtualAuthenticators: true}
Element: [[ChromeDriver: chrome on LINUX (073ec00422aa3ac3ff319a5051768f56)] -> xpath: //*[contains(@src, 'delete-icon')]]
Session ID: 073ec00422aa3ac3ff319a5051768f56
at java.base/jdk.internal.reflect.NativeConstructorAccessorImpl.newInstance0(Native Method)
at java.base/jdk.internal.reflect.NativeConstructorAccessorImpl.newInstance(NativeConstructorAccessorImpl.java:77)
at java.base/jdk.internal.reflect.DelegatingConstructorAccessorImpl.newInstance(DelegatingConstructorAccessorImpl.java:45)
at java.base/java.lang.reflect.Constructor.newInstanceWithCaller(Constructor.java:499)
at java.base/java.lang.reflect.Constructor.newInstance(Constructor.java:480)
at org.openqa.selenium.remote.codec.w3c.W3CHttpResponseCodec.createException(W3CHttpResponseCodec.java:200)
at org.openqa.selenium.remote.codec.w3c.W3CHttpResponseCodec.decode(W3CHttpResponseCodec.java:133)
at org.openqa.selenium.remote.codec.w3c.W3CHttpResponseCodec.decode(W3CHttpResponseCodec.java:53)
at org.openqa.selenium.remote.HttpCommandExecutor.execute(HttpCommandExecutor.java:184)
at org.openqa.selenium.remote.service.DriverCommandExecutor.invokeExecute(DriverCommandExecutor.java:167)
at org.openqa.selenium.remote.service.DriverCommandExecutor.execute(DriverCommandExecutor.java:142)
at org.openqa.selenium.remote.RemoteWebDriver.execute(RemoteWebDriver.java:543)
at org.openqa.selenium.remote.RemoteWebElement.execute(RemoteWebElement.java:257)
at org.openqa.selenium.remote.RemoteWebElement.click(RemoteWebElement.java:78)
at libraries.PricingPages.deletrSPALogs(PricingPages.java:902)
at testcases.PricingTestCases.testCase1(PricingTestCases.java:17)
at java.base/jdk.internal.reflect.NativeMethodAccessorImpl.invoke0(Native Method)
at java.base/jdk.internal.reflect.NativeMethodAccessorImpl.invoke(NativeMethodAccessorImpl.java:77)
at java.base/jdk.internal.reflect.DelegatingMethodAccessorImpl.invoke(DelegatingMethodAccessorImpl.java:43)
at java.base/java.lang.reflect.Method.invoke(Method.java:568)
at org.testng.internal.invokers.MethodInvocationHelper.invokeMethod(MethodInvocationHelper.java:139)
at org.testng.internal.invokers.TestInvoker.invokeMethod(TestInvoker.java:677)
at org.testng.internal.invokers.TestInvoker.invokeTestMethod(TestInvoker.java:221)
at org.testng.internal.invokers.MethodRunner.runInSequence(MethodRunner.java:50)
at org.testng.internal.invokers.TestInvoker$MethodInvocationAgent.invoke(TestInvoker.java:969)
at org.testng.internal.invokers.TestInvoker.invokeTestMethods(TestInvoker.java:194)
at org.testng.internal.invokers.TestMethodWorker.invokeTestMethods(TestMethodWorker.java:148)
at org.testng.internal.invokers.TestMethodWorker.run(TestMethodWorker.java:128)
at java.base/java.util.ArrayList.forEach(ArrayList.java:1511)
at org.testng.TestRunner.privateRun(TestRunner.java:829)
at org.testng.TestRunner.run(TestRunner.java:602)
at org.testng.SuiteRunner.runTest(SuiteRunner.java:437)
at org.testng.SuiteRunner.runSequentially(SuiteRunner.java:431)
at org.testng.SuiteRunner.privateRun(SuiteRunner.java:391)
at org.testng.SuiteRunner.run(SuiteRunner.java:330)
at org.testng.SuiteRunnerWorker.runSuite(SuiteRunnerWorker.java:52)
at org.testng.SuiteRunnerWorker.run(SuiteRunnerWorker.java:95)
at org.testng.TestNG.runSuitesSequentially(TestNG.java:1256)
at org.testng.TestNG.runSuitesLocally(TestNG.java:1176)
at org.testng.TestNG.runSuites(TestNG.java:1099)
at org.testng.TestNG.run(TestNG.java:1067)
at org.testng.remote.AbstractRemoteTestNG.run(AbstractRemoteTestNG.java:115)
at org.testng.remote.RemoteTestNG.initAndRun(RemoteTestNG.java:251)
at org.testng.remote.RemoteTestNG.main(RemoteTestNG.java:77)
]]>
    </failure>
  </testcase> <!-- testCase1 -->
</testsuite> <!-- Default test -->
