<?xml version="1.0" encoding="UTF-8"?>
<!-- Generated by org.testng.reporters.JUnitXMLReporter -->
<testsuite ignored="2" hostname="enterpi-H110M-H" failures="0" tests="1" name="Default test" time="114.501" errors="0" timestamp="2023-06-08T18:57:26 IST">
  <testcase classname="testcases.URLRedirectsTestCase" name="testCase3" time="94.243"/>
  <testcase classname="testcases.URLRedirectsTestCase" name="testCase18" time="0.0">
    <ignored/>
  </testcase> <!-- testCase18 -->
  <testcase classname="testcases.URLRedirectsTestCase" name="testCase2" time="0.0">
    <ignored/>
  </testcase> <!-- testCase2 -->
</testsuite> <!-- Default test -->
