<?xml version="1.0" encoding="UTF-8"?>
<!-- Generated by org.testng.reporters.JUnitXMLReporter -->
<testsuite ignored="14" hostname="enterpi-H110M-H" failures="0" tests="1" name="Default test" time="130.425" errors="0" timestamp="2023-06-02T18:22:36 IST">
  <testcase classname="testcases.RepairTestCases" name="testCase15" time="119.725"/>
  <testcase classname="testcases.RepairTestCases" name="testCase11" time="0.0">
    <ignored/>
  </testcase> <!-- testCase11 -->
  <testcase classname="testcases.RepairTestCases" name="testCase1" time="0.0">
    <ignored/>
  </testcase> <!-- testCase1 -->
  <testcase classname="testcases.RepairTestCases" name="testCase10" time="0.0">
    <ignored/>
  </testcase> <!-- testCase10 -->
  <testcase classname="testcases.RepairTestCases" name="testCase7" time="0.0">
    <ignored/>
  </testcase> <!-- testCase7 -->
  <testcase classname="testcases.RepairTestCases" name="testCase8" time="0.0">
    <ignored/>
  </testcase> <!-- testCase8 -->
  <testcase classname="testcases.RepairTestCases" name="testCase5" time="0.0">
    <ignored/>
  </testcase> <!-- testCase5 -->
  <testcase classname="testcases.RepairTestCases" name="testCase6" time="0.0">
    <ignored/>
  </testcase> <!-- testCase6 -->
  <testcase classname="testcases.RepairTestCases" name="testCase9" time="0.0">
    <ignored/>
  </testcase> <!-- testCase9 -->
  <testcase classname="testcases.RepairTestCases" name="testCase3" time="0.0">
    <ignored/>
  </testcase> <!-- testCase3 -->
  <testcase classname="testcases.RepairTestCases" name="testCase4" time="0.0">
    <ignored/>
  </testcase> <!-- testCase4 -->
  <testcase classname="testcases.RepairTestCases" name="testCase2" time="0.0">
    <ignored/>
  </testcase> <!-- testCase2 -->
  <testcase classname="testcases.RepairTestCases" name="testCase13" time="0.0">
    <ignored/>
  </testcase> <!-- testCase13 -->
  <testcase classname="testcases.RepairTestCases" name="testCase12" time="0.0">
    <ignored/>
  </testcase> <!-- testCase12 -->
  <testcase classname="testcases.RepairTestCases" name="testCase14" time="0.0">
    <ignored/>
  </testcase> <!-- testCase14 -->
</testsuite> <!-- Default test -->
