<?xml version="1.0" encoding="UTF-8"?>
<!-- Generated by org.testng.reporters.JUnitXMLReporter -->
<testsuite ignored="17" hostname="enterpi-H110M-H" failures="0" tests="1" name="Default test" time="102.759" errors="0" timestamp="2023-06-28T18:40:23 IST">
  <testcase classname="testcases.PermissionsTestCases_QuotesModule" name="testCase6" time="90.264"/>
  <testcase classname="testcases.PermissionsTestCases_QuotesModule" name="testCase14" time="0.0">
    <ignored/>
  </testcase> <!-- testCase14 -->
  <testcase classname="testcases.PermissionsTestCases_QuotesModule" name="testCase13" time="0.0">
    <ignored/>
  </testcase> <!-- testCase13 -->
  <testcase classname="testcases.PermissionsTestCases_QuotesModule" name="testCase16" time="0.0">
    <ignored/>
  </testcase> <!-- testCase16 -->
  <testcase classname="testcases.PermissionsTestCases_QuotesModule" name="testCase15" time="0.0">
    <ignored/>
  </testcase> <!-- testCase15 -->
  <testcase classname="testcases.PermissionsTestCases_QuotesModule" name="testCase10" time="0.0">
    <ignored/>
  </testcase> <!-- testCase10 -->
  <testcase classname="testcases.PermissionsTestCases_QuotesModule" name="testCase1" time="0.0">
    <ignored/>
  </testcase> <!-- testCase1 -->
  <testcase classname="testcases.PermissionsTestCases_QuotesModule" name="testCase12" time="0.0">
    <ignored/>
  </testcase> <!-- testCase12 -->
  <testcase classname="testcases.PermissionsTestCases_QuotesModule" name="testCase11" time="0.0">
    <ignored/>
  </testcase> <!-- testCase11 -->
  <testcase classname="testcases.PermissionsTestCases_QuotesModule" name="testCase18" time="0.0">
    <ignored/>
  </testcase> <!-- testCase18 -->
  <testcase classname="testcases.PermissionsTestCases_QuotesModule" name="testCase17" time="0.0">
    <ignored/>
  </testcase> <!-- testCase17 -->
  <testcase classname="testcases.PermissionsTestCases_QuotesModule" name="testCase5" time="0.0">
    <ignored/>
  </testcase> <!-- testCase5 -->
  <testcase classname="testcases.PermissionsTestCases_QuotesModule" name="testCase4" time="0.0">
    <ignored/>
  </testcase> <!-- testCase4 -->
  <testcase classname="testcases.PermissionsTestCases_QuotesModule" name="testCase3" time="0.0">
    <ignored/>
  </testcase> <!-- testCase3 -->
  <testcase classname="testcases.PermissionsTestCases_QuotesModule" name="testCase2" time="0.0">
    <ignored/>
  </testcase> <!-- testCase2 -->
  <testcase classname="testcases.PermissionsTestCases_QuotesModule" name="testCase9" time="0.0">
    <ignored/>
  </testcase> <!-- testCase9 -->
  <testcase classname="testcases.PermissionsTestCases_QuotesModule" name="testCase8" time="0.0">
    <ignored/>
  </testcase> <!-- testCase8 -->
  <testcase classname="testcases.PermissionsTestCases_QuotesModule" name="testCase7" time="0.0">
    <ignored/>
  </testcase> <!-- testCase7 -->
</testsuite> <!-- Default test -->
