<?xml version="1.0" encoding="UTF-8"?>
<!-- Generated by org.testng.reporters.JUnitXMLReporter -->
<testsuite ignored="3" hostname="enterpi-H110M-H" failures="0" tests="1" name="Default test" time="156.401" errors="0" timestamp="2023-06-12T19:09:38 IST">
  <testcase classname="testcases.URLRedirectsTestCase" name="testCase2" time="134.449"/>
  <testcase classname="testcases.URLRedirectsTestCase" name="testCase3" time="0.0">
    <ignored/>
  </testcase> <!-- testCase3 -->
  <testcase classname="testcases.URLRedirectsTestCase" name="testCase4" time="0.0">
    <ignored/>
  </testcase> <!-- testCase4 -->
  <testcase classname="testcases.URLRedirectsTestCase" name="testCase18" time="0.0">
    <ignored/>
  </testcase> <!-- testCase18 -->
</testsuite> <!-- Default test -->
