<?xml version="1.0" encoding="UTF-8"?>
<testng-results ignored="0" total="1" passed="1" failed="0" skipped="0">
  <reporter-output>
  </reporter-output>
  <suite started-at="2023-08-07T17:56:19 IST" name="Default suite" finished-at="2023-08-07T17:57:08 IST" duration-ms="48629">
    <groups>
    </groups>
    <test started-at="2023-08-07T17:56:19 IST" name="Default test" finished-at="2023-08-07T17:57:08 IST" duration-ms="48629">
      <class name="testcases.PermissionsTestCasesForRepairModule">
        <test-method is-config="true" signature="login()[pri:0, instance:testcases.PermissionsTestCasesForRepairModule@235ecd9f]" started-at="2023-08-07T17:56:19 IST" name="login" finished-at="2023-08-07T17:56:30 IST" duration-ms="11052" status="PASS">
          <reporter-output>
          </reporter-output>
        </test-method> <!-- login -->
        <test-method signature="testCase1()[pri:1, instance:testcases.PermissionsTestCasesForRepairModule@235ecd9f]" started-at="2023-08-07T17:56:30 IST" name="testCase1" finished-at="2023-08-07T17:57:06 IST" duration-ms="36363" status="PASS">
          <reporter-output>
          </reporter-output>
        </test-method> <!-- testCase1 -->
        <test-method is-config="true" signature="logout()[pri:0, instance:testcases.PermissionsTestCasesForRepairModule@235ecd9f]" started-at="2023-08-07T17:57:06 IST" name="logout" finished-at="2023-08-07T17:57:08 IST" duration-ms="1156" status="PASS">
          <reporter-output>
          </reporter-output>
        </test-method> <!-- logout -->
      </class> <!-- testcases.PermissionsTestCasesForRepairModule -->
    </test> <!-- Default test -->
  </suite> <!-- Default suite -->
</testng-results>
