<?xml version="1.0" encoding="UTF-8"?>
<testng-results ignored="24" total="25" passed="1" failed="0" skipped="0">
  <reporter-output>
  </reporter-output>
  <suite started-at="2023-08-02T19:51:53 IST" name="Default suite" finished-at="2023-08-02T19:56:36 IST" duration-ms="283469">
    <groups>
    </groups>
    <test started-at="2023-08-02T19:51:53 IST" name="Default test" finished-at="2023-08-02T19:56:36 IST" duration-ms="283469">
      <class name="testcases.QuoteTestCases">
        <test-method is-config="true" signature="login()[pri:0, instance:testcases.QuoteTestCases@248e319b]" started-at="2023-08-02T19:51:53 IST" name="login" finished-at="2023-08-02T19:52:04 IST" duration-ms="11270" status="PASS">
          <reporter-output>
          </reporter-output>
        </test-method> <!-- login -->
        <test-method signature="testCase0()[pri:1, instance:testcases.QuoteTestCases@248e319b]" started-at="2023-08-02T19:52:04 IST" name="testCase0" finished-at="2023-08-02T19:56:35 IST" duration-ms="270796" status="PASS">
          <reporter-output>
          </reporter-output>
        </test-method> <!-- testCase0 -->
        <test-method is-config="true" signature="logout()[pri:0, instance:testcases.QuoteTestCases@248e319b]" started-at="2023-08-02T19:56:35 IST" name="logout" finished-at="2023-08-02T19:56:36 IST" duration-ms="1347" status="PASS">
          <reporter-output>
          </reporter-output>
        </test-method> <!-- logout -->
      </class> <!-- testcases.QuoteTestCases -->
    </test> <!-- Default test -->
  </suite> <!-- Default suite -->
</testng-results>
