<?xml version="1.0" encoding="UTF-8"?>
<testng-results ignored="20" total="21" passed="1" failed="0" skipped="0">
  <reporter-output>
  </reporter-output>
  <suite started-at="2023-05-31T18:32:12 IST" name="Default suite" finished-at="2023-05-31T18:32:39 IST" duration-ms="27419">
    <groups>
    </groups>
    <test started-at="2023-05-31T18:32:12 IST" name="Default test" finished-at="2023-05-31T18:32:39 IST" duration-ms="27419">
      <class name="testcases.PricingTestCases">
        <test-method is-config="true" signature="login()[pri:0, instance:testcases.PricingTestCases@7d0b7e3c]" started-at="2023-05-31T18:32:12 IST" name="login" finished-at="2023-05-31T18:32:23 IST" duration-ms="11795" status="PASS">
          <reporter-output>
          </reporter-output>
        </test-method> <!-- login -->
        <test-method signature="testCase21()[pri:21, instance:testcases.PricingTestCases@7d0b7e3c]" started-at="2023-05-31T18:32:23 IST" name="testCase21" finished-at="2023-05-31T18:32:38 IST" duration-ms="14137" status="PASS">
          <reporter-output>
          </reporter-output>
        </test-method> <!-- testCase21 -->
        <test-method is-config="true" signature="logout()[pri:0, instance:testcases.PricingTestCases@7d0b7e3c]" started-at="2023-05-31T18:32:38 IST" name="logout" finished-at="2023-05-31T18:32:39 IST" duration-ms="1380" status="PASS">
          <reporter-output>
          </reporter-output>
        </test-method> <!-- logout -->
      </class> <!-- testcases.PricingTestCases -->
    </test> <!-- Default test -->
  </suite> <!-- Default suite -->
</testng-results>
