<?xml version="1.0" encoding="UTF-8"?>
<testng-results ignored="17" total="18" passed="1" failed="0" skipped="0">
  <reporter-output>
  </reporter-output>
  <suite started-at="2023-06-28T18:38:40 IST" name="Default suite" finished-at="2023-06-28T18:40:22 IST" duration-ms="102759">
    <groups>
    </groups>
    <test started-at="2023-06-28T18:38:40 IST" name="Default test" finished-at="2023-06-28T18:40:22 IST" duration-ms="102759">
      <class name="testcases.PermissionsTestCases_QuotesModule">
        <test-method is-config="true" signature="login()[pri:0, instance:testcases.PermissionsTestCases_QuotesModule@2eae8e6e]" started-at="2023-06-28T18:38:40 IST" name="login" finished-at="2023-06-28T18:38:51 IST" duration-ms="11131" status="PASS">
          <reporter-output>
          </reporter-output>
        </test-method> <!-- login -->
        <test-method signature="testCase6()[pri:6, instance:testcases.PermissionsTestCases_QuotesModule@2eae8e6e]" started-at="2023-06-28T18:38:51 IST" name="testCase6" finished-at="2023-06-28T18:40:21 IST" duration-ms="90264" status="PASS">
          <reporter-output>
          </reporter-output>
        </test-method> <!-- testCase6 -->
        <test-method is-config="true" signature="logout()[pri:0, instance:testcases.PermissionsTestCases_QuotesModule@2eae8e6e]" started-at="2023-06-28T18:40:21 IST" name="logout" finished-at="2023-06-28T18:40:22 IST" duration-ms="1311" status="PASS">
          <reporter-output>
          </reporter-output>
        </test-method> <!-- logout -->
      </class> <!-- testcases.PermissionsTestCases_QuotesModule -->
    </test> <!-- Default test -->
  </suite> <!-- Default suite -->
</testng-results>
