<?xml version="1.0" encoding="UTF-8"?>
<testng-results ignored="0" total="1" passed="1" failed="0" skipped="0">
  <reporter-output>
  </reporter-output>
  <suite started-at="2023-08-08T18:30:42 IST" name="Default suite" finished-at="2023-08-08T18:37:22 IST" duration-ms="400296">
    <groups>
    </groups>
    <test started-at="2023-08-08T18:30:42 IST" name="Default test" finished-at="2023-08-08T18:37:22 IST" duration-ms="400296">
      <class name="testcases.PermissionsTestCases_Organizations">
        <test-method is-config="true" signature="login()[pri:0, instance:testcases.PermissionsTestCases_Organizations@3e8c3cb]" started-at="2023-08-08T18:30:42 IST" name="login" finished-at="2023-08-08T18:30:53 IST" duration-ms="11025" status="PASS">
          <reporter-output>
          </reporter-output>
        </test-method> <!-- login -->
        <test-method signature="testCase1()[pri:1, instance:testcases.PermissionsTestCases_Organizations@3e8c3cb]" started-at="2023-08-08T18:30:53 IST" name="testCase1" finished-at="2023-08-08T18:37:21 IST" duration-ms="387974" status="PASS">
          <reporter-output>
          </reporter-output>
        </test-method> <!-- testCase1 -->
        <test-method is-config="true" signature="logout()[pri:0, instance:testcases.PermissionsTestCases_Organizations@3e8c3cb]" started-at="2023-08-08T18:37:21 IST" name="logout" finished-at="2023-08-08T18:37:22 IST" duration-ms="1238" status="PASS">
          <reporter-output>
          </reporter-output>
        </test-method> <!-- logout -->
      </class> <!-- testcases.PermissionsTestCases_Organizations -->
    </test> <!-- Default test -->
  </suite> <!-- Default suite -->
</testng-results>
