<?xml version="1.0" encoding="UTF-8"?>
<testng-results ignored="3" total="4" passed="1" failed="0" skipped="0">
  <reporter-output>
  </reporter-output>
  <suite started-at="2023-06-12T19:07:01 IST" name="Default suite" finished-at="2023-06-12T19:09:38 IST" duration-ms="156401">
    <groups>
    </groups>
    <test started-at="2023-06-12T19:07:01 IST" name="Default test" finished-at="2023-06-12T19:09:38 IST" duration-ms="156401">
      <class name="testcases.URLRedirectsTestCase">
        <test-method is-config="true" signature="login()[pri:0, instance:testcases.URLRedirectsTestCase@7526515b]" started-at="2023-06-12T19:07:01 IST" name="login" finished-at="2023-06-12T19:07:21 IST" duration-ms="20054" status="PASS">
          <reporter-output>
          </reporter-output>
        </test-method> <!-- login -->
        <test-method signature="testCase2()[pri:2, instance:testcases.URLRedirectsTestCase@7526515b]" started-at="2023-06-12T19:07:22 IST" name="testCase2" finished-at="2023-06-12T19:09:36 IST" duration-ms="134449" status="PASS">
          <reporter-output>
          </reporter-output>
        </test-method> <!-- testCase2 -->
        <test-method is-config="true" signature="logout()[pri:0, instance:testcases.URLRedirectsTestCase@7526515b]" started-at="2023-06-12T19:09:36 IST" name="logout" finished-at="2023-06-12T19:09:38 IST" duration-ms="1841" status="PASS">
          <reporter-output>
          </reporter-output>
        </test-method> <!-- logout -->
      </class> <!-- testcases.URLRedirectsTestCase -->
    </test> <!-- Default test -->
  </suite> <!-- Default suite -->
</testng-results>
