<?xml version="1.0" encoding="UTF-8"?>
<testng-results ignored="2" total="3" passed="1" failed="0" skipped="0">
  <reporter-output>
  </reporter-output>
  <suite started-at="2023-06-08T18:55:32 IST" name="Default suite" finished-at="2023-06-08T18:57:26 IST" duration-ms="114501">
    <groups>
    </groups>
    <test started-at="2023-06-08T18:55:32 IST" name="Default test" finished-at="2023-06-08T18:57:26 IST" duration-ms="114501">
      <class name="testcases.URLRedirectsTestCase">
        <test-method is-config="true" signature="login()[pri:0, instance:testcases.URLRedirectsTestCase@644baf4a]" started-at="2023-06-08T18:55:32 IST" name="login" finished-at="2023-06-08T18:55:50 IST" duration-ms="18172" status="PASS">
          <reporter-output>
          </reporter-output>
        </test-method> <!-- login -->
        <test-method signature="testCase3()[pri:3, instance:testcases.URLRedirectsTestCase@644baf4a]" started-at="2023-06-08T18:55:50 IST" name="testCase3" finished-at="2023-06-08T18:57:24 IST" duration-ms="94243" status="PASS">
          <reporter-output>
          </reporter-output>
        </test-method> <!-- testCase3 -->
        <test-method is-config="true" signature="logout()[pri:0, instance:testcases.URLRedirectsTestCase@644baf4a]" started-at="2023-06-08T18:57:24 IST" name="logout" finished-at="2023-06-08T18:57:26 IST" duration-ms="2057" status="PASS">
          <reporter-output>
          </reporter-output>
        </test-method> <!-- logout -->
      </class> <!-- testcases.URLRedirectsTestCase -->
    </test> <!-- Default test -->
  </suite> <!-- Default suite -->
</testng-results>
