<?xml version="1.0" encoding="UTF-8"?>
<testng-results ignored="0" total="1" passed="1" failed="0" skipped="0">
  <reporter-output>
  </reporter-output>
  <suite started-at="2023-05-08T11:30:01 IST" name="Default suite" finished-at="2023-05-08T11:30:24 IST" duration-ms="22833">
    <groups>
    </groups>
    <test started-at="2023-05-08T11:30:01 IST" name="Default test" finished-at="2023-05-08T11:30:24 IST" duration-ms="22833">
      <class name="testcases.PricingTestCases">
        <test-method is-config="true" signature="login()[pri:0, instance:testcases.PricingTestCases@2892d68]" started-at="2023-05-08T11:30:01 IST" name="login" finished-at="2023-05-08T11:30:10 IST" duration-ms="9464" status="PASS">
          <reporter-output>
          </reporter-output>
        </test-method> <!-- login -->
        <test-method signature="testCase6()[pri:6, instance:testcases.PricingTestCases@2892d68]" started-at="2023-05-08T11:30:10 IST" name="testCase6" finished-at="2023-05-08T11:30:22 IST" duration-ms="12021" status="PASS">
          <reporter-output>
          </reporter-output>
        </test-method> <!-- testCase6 -->
        <test-method is-config="true" signature="logout()[pri:0, instance:testcases.PricingTestCases@2892d68]" started-at="2023-05-08T11:30:22 IST" name="logout" finished-at="2023-05-08T11:30:24 IST" duration-ms="1303" status="PASS">
          <reporter-output>
          </reporter-output>
        </test-method> <!-- logout -->
      </class> <!-- testcases.PricingTestCases -->
    </test> <!-- Default test -->
  </suite> <!-- Default suite -->
</testng-results>
