<?xml version="1.0" encoding="UTF-8"?>
<testng-results ignored="14" total="15" passed="1" failed="0" skipped="0">
  <reporter-output>
  </reporter-output>
  <suite started-at="2023-06-02T18:20:26 IST" name="Default suite" finished-at="2023-06-02T18:22:36 IST" duration-ms="130425">
    <groups>
    </groups>
    <test started-at="2023-06-02T18:20:26 IST" name="Default test" finished-at="2023-06-02T18:22:36 IST" duration-ms="130425">
      <class name="testcases.RepairTestCases">
        <test-method is-config="true" signature="login()[pri:0, instance:testcases.RepairTestCases@449a4f23]" started-at="2023-06-02T18:20:26 IST" name="login" finished-at="2023-06-02T18:20:35 IST" duration-ms="9434" status="PASS">
          <reporter-output>
          </reporter-output>
        </test-method> <!-- login -->
        <test-method signature="testCase15()[pri:15, instance:testcases.RepairTestCases@449a4f23]" started-at="2023-06-02T18:20:35 IST" name="testCase15" finished-at="2023-06-02T18:22:35 IST" duration-ms="119725" status="PASS">
          <reporter-output>
          </reporter-output>
        </test-method> <!-- testCase15 -->
        <test-method is-config="true" signature="logout()[pri:0, instance:testcases.RepairTestCases@449a4f23]" started-at="2023-06-02T18:22:35 IST" name="logout" finished-at="2023-06-02T18:22:36 IST" duration-ms="1230" status="PASS">
          <reporter-output>
          </reporter-output>
        </test-method> <!-- logout -->
      </class> <!-- testcases.RepairTestCases -->
    </test> <!-- Default test -->
  </suite> <!-- Default suite -->
</testng-results>
